17:23:38.066-[CaiHua-Mac.local][sys]-- INFO 75249 --- [           main] com.zch.CourseApplication                : The following 1 profile is active: "local"
17:23:38.520-[CaiHua-Mac.local][sys]-- INFO 75249 --- [           main] .s.d.r.c.RepositoryConfigurationDelegate : Multiple Spring Data modules found, entering strict repository configuration mode
17:23:38.522-[CaiHua-Mac.local][sys]-- INFO 75249 --- [           main] .s.d.r.c.RepositoryConfigurationDelegate : Bootstrapping Spring Data Redis repositories in DEFAULT mode.
17:23:38.536-[CaiHua-Mac.local][sys]-- INFO 75249 --- [           main] .s.d.r.c.RepositoryConfigurationDelegate : Finished Spring Data repository scanning in 9 ms. Found 0 Redis repository interfaces.
17:23:38.671-[CaiHua-Mac.local][sys]-- INFO 75249 --- [           main] o.s.cloud.context.scope.GenericScope     : BeanFactory id=44e29601-cc90-35de-92c2-a1433e7e92bc
17:23:38.937-[CaiHua-Mac.local][sys]-- INFO 75249 --- [           main] o.s.b.w.embedded.tomcat.TomcatWebServer  : Tomcat initialized with port(s): 8086 (http)
17:23:38.941-[CaiHua-Mac.local][sys]-- INFO 75249 --- [           main] o.apache.catalina.core.StandardService   : Starting service [Tomcat]
17:23:38.941-[CaiHua-Mac.local][sys]-- INFO 75249 --- [           main] org.apache.catalina.core.StandardEngine  : Starting Servlet engine: [Apache Tomcat/9.0.65]
17:23:39.002-[CaiHua-Mac.local][sys]-- INFO 75249 --- [           main] o.a.c.c.C.[Tomcat].[localhost].[/]       : Initializing Spring embedded WebApplicationContext
17:23:39.002-[CaiHua-Mac.local][sys]-- INFO 75249 --- [           main] w.s.c.ServletWebServerApplicationContext : Root WebApplicationContext: initialization completed in 928 ms
17:23:39.094-[CaiHua-Mac.local][sys]-- INFO 75249 --- [           main] com.zch.course.config.EsRestClient       : initialize.config.name:21389dddfe0e,node:8.137.103.164:9200
17:23:39.393-[CaiHua-Mac.local][sys]-- INFO 75249 --- [           main] o.s.c.openfeign.FeignClientFactoryBean   : For 'label-service' URL not provided. Will try picking an instance via load-balancing.
17:23:39.435-[CaiHua-Mac.local][sys]-- INFO 75249 --- [           main] o.s.c.openfeign.FeignClientFactoryBean   : For 'ask-service' URL not provided. Will try picking an instance via load-balancing.
17:23:39.445-[CaiHua-Mac.local][sys]-- INFO 75249 --- [           main] o.s.c.openfeign.FeignClientFactoryBean   : For 'user-service' URL not provided. Will try picking an instance via load-balancing.
17:23:39.495-[CaiHua-Mac.local][sys]-- INFO 75249 --- [           main] o.s.c.openfeign.FeignClientFactoryBean   : For 'resource-service' URL not provided. Will try picking an instance via load-balancing.
17:23:39.524-[CaiHua-Mac.local][sys]-- INFO 75249 --- [           main] o.s.c.openfeign.FeignClientFactoryBean   : For 'trade-service' URL not provided. Will try picking an instance via load-balancing.
17:23:39.605-[CaiHua-Mac.local][sys]-- INFO 75249 --- [           main] com.zch.course.config.XxlJobConfig       : >>>>>>>>>>> xxl-job config init.
17:23:39.719-[CaiHua-Mac.local][sys]-- INFO 75249 --- [           main] o.s.b.a.w.s.WelcomePageHandlerMapping    : Adding welcome page template: index
17:23:39.806-[CaiHua-Mac.local][sys]-- INFO 75249 --- [           main] com.alibaba.nacos.client.naming          : initializer namespace from System Property :null
17:23:39.806-[CaiHua-Mac.local][sys]-- INFO 75249 --- [           main] com.alibaba.nacos.client.naming          : initializer namespace from System Environment :null
17:23:39.806-[CaiHua-Mac.local][sys]-- INFO 75249 --- [           main] com.alibaba.nacos.client.naming          : initializer namespace from System Property :null
17:23:39.831-[CaiHua-Mac.local][sys]--DEBUG 75249 --- [           main] c.z.common.redis.config.RedissonConfig   : 尝试初始化RedissonClient
17:23:39.910-[CaiHua-Mac.local][sys]-- INFO 75249 --- [           main] org.redisson.Version                     : Redisson 3.24.3
17:23:39.980-[CaiHua-Mac.local][sys]-- INFO 75249 --- [isson-netty-2-4] o.r.c.pool.MasterPubSubConnectionPool    : 1 connections initialized for 127.0.0.1/127.0.0.1:6379
17:23:40.033-[CaiHua-Mac.local][sys]-- INFO 75249 --- [sson-netty-2-19] o.r.c.pool.MasterConnectionPool          : 24 connections initialized for 127.0.0.1/127.0.0.1:6379
17:23:40.115-[CaiHua-Mac.local][sys]-- WARN 75249 --- [           main] o.a.r.s.a.RocketMQAutoConfiguration      : The necessary spring property 'rocketmq.name-server' is not defined, all rockertmq beans creation are skipped!
17:23:41.299-[CaiHua-Mac.local][sys]-- INFO 75249 --- [           main] o.s.cloud.commons.util.InetUtils         : Cannot determine local hostname
17:23:41.375-[CaiHua-Mac.local][sys]-- WARN 75249 --- [           main] iguration$LoadBalancerCaffeineWarnLogger : Spring Cloud LoadBalancer is currently working with the default cache. While this cache implementation is useful for development and tests, it's recommended to use Caffeine cache in production.You can switch to using Caffeine cache, by adding it and org.springframework.cache.caffeine.CaffeineCacheManager to the classpath.
17:23:41.377-[CaiHua-Mac.local][sys]-- INFO 75249 --- [           main] o.s.b.a.e.web.EndpointLinksResolver      : Exposing 1 endpoint(s) beneath base path '/actuator'
17:23:41.395-[CaiHua-Mac.local][sys]-- INFO 75249 --- [           main] c.xxl.job.core.executor.XxlJobExecutor   : >>>>>>>>>>> xxl-job register jobhandler success, name:testJobHandler, jobHandler:com.xxl.job.core.handler.impl.MethodJobHandler@5e8633da[class com.zch.course.job.TestJobHandler#testJobHandler]
17:23:41.406-[CaiHua-Mac.local][sys]-- INFO 75249 --- [           main] o.s.c.openfeign.FeignClientFactoryBean   : For 'book-service' URL not provided. Will try picking an instance via load-balancing.
17:23:41.418-[CaiHua-Mac.local][sys]-- INFO 75249 --- [           main] o.s.c.openfeign.FeignClientFactoryBean   : For 'course-service' URL not provided. Will try picking an instance via load-balancing.
17:23:41.469-[CaiHua-Mac.local][sys]-- INFO 75249 --- [      Thread-18] com.xxl.job.core.server.EmbedServer      : >>>>>>>>>>> xxl-job remoting server start success, nettype = class com.xxl.job.core.server.EmbedServer, port = 9999
17:23:41.534-[CaiHua-Mac.local][sys]-- INFO 75249 --- [           main] o.s.b.w.embedded.tomcat.TomcatWebServer  : Tomcat started on port(s): 8086 (http) with context path ''
17:23:41.536-[CaiHua-Mac.local][sys]-- INFO 75249 --- [           main] com.alibaba.nacos.client.naming          : [BEAT] adding beat: BeatInfo{port=8086, ip='127.0.0.1', weight=1.0, serviceName='DEFAULT_GROUP@@course-service', cluster='DEFAULT', metadata={preserved.register.source=SPRING_CLOUD}, scheduled=false, period=5000, stopped=false} to beat map.
17:23:41.537-[CaiHua-Mac.local][sys]-- INFO 75249 --- [           main] com.alibaba.nacos.client.naming          : [REGISTER-SERVICE] 0b9a59a8-3e92-4637-81ec-4f43304c767b registering service DEFAULT_GROUP@@course-service with instance: Instance{instanceId='null', ip='127.0.0.1', port=8086, weight=1.0, healthy=true, enabled=true, ephemeral=true, clusterName='DEFAULT', serviceName='null', metadata={preserved.register.source=SPRING_CLOUD}}
17:23:41.540-[CaiHua-Mac.local][sys]-- INFO 75249 --- [           main] c.a.c.n.registry.NacosServiceRegistry    : nacos registry, DEFAULT_GROUP course-service 127.0.0.1:8086 register finished
17:23:42.546-[CaiHua-Mac.local][sys]-- INFO 75249 --- [           main] o.s.cloud.commons.util.InetUtils         : Cannot determine local hostname
17:23:42.554-[CaiHua-Mac.local][sys]-- INFO 75249 --- [.naming.updater] com.alibaba.nacos.client.naming          : new ips(1) service: DEFAULT_GROUP@@course-service@@DEFAULT -> [{"instanceId":"127.0.0.1#8086#DEFAULT#DEFAULT_GROUP@@course-service","ip":"127.0.0.1","port":8086,"weight":1.0,"healthy":true,"enabled":true,"ephemeral":true,"clusterName":"DEFAULT","serviceName":"DEFAULT_GROUP@@course-service","metadata":{"preserved.register.source":"SPRING_CLOUD"},"instanceHeartBeatInterval":5000,"instanceHeartBeatTimeOut":15000,"ipDeleteTimeout":30000}]
17:23:42.561-[CaiHua-Mac.local][sys]-- INFO 75249 --- [.naming.updater] com.alibaba.nacos.client.naming          : current ips:(1) service: DEFAULT_GROUP@@course-service@@DEFAULT -> [{"instanceId":"127.0.0.1#8086#DEFAULT#DEFAULT_GROUP@@course-service","ip":"127.0.0.1","port":8086,"weight":1.0,"healthy":true,"enabled":true,"ephemeral":true,"clusterName":"DEFAULT","serviceName":"DEFAULT_GROUP@@course-service","metadata":{"preserved.register.source":"SPRING_CLOUD"},"instanceHeartBeatInterval":5000,"instanceHeartBeatTimeOut":15000,"ipDeleteTimeout":30000}]
17:23:42.567-[CaiHua-Mac.local][sys]-- INFO 75249 --- [           main] com.zch.CourseApplication                : Started CourseApplication in 7.114 seconds (JVM running for 7.645)
17:23:42.577-[CaiHua-Mac.local][sys]--DEBUG 75249 --- [           main] c.z.c.core.listener.AppStartupListener   : 
==============================================================
	App:	course-service
	State:	app is running
	PID:	75249
	Date:	started at 2024-03-22 17:23:38.074
	Auth:	GeekEdu
	Email:	2069820192@qq.com
	GitHub:	https://github.com/Poison02
	AppInfo: https://127.0.0.1:8086/
==============================================================
17:23:42.579-[CaiHua-Mac.local][sys]-- INFO 75249 --- [           main] c.a.n.client.config.impl.ClientWorker    : [fixed-127.0.0.1_8848] [subscribe] course-service.yaml+DEFAULT_GROUP
17:23:42.580-[CaiHua-Mac.local][sys]-- INFO 75249 --- [           main] c.a.nacos.client.config.impl.CacheData   : [fixed-127.0.0.1_8848] [add-listener] ok, tenant=, dataId=course-service.yaml, group=DEFAULT_GROUP, cnt=1
17:23:42.580-[CaiHua-Mac.local][sys]-- INFO 75249 --- [           main] c.a.c.n.refresh.NacosContextRefresher    : listening config: dataId=course-service.yaml, group=DEFAULT_GROUP
17:23:42.580-[CaiHua-Mac.local][sys]-- INFO 75249 --- [           main] c.a.n.client.config.impl.ClientWorker    : [fixed-127.0.0.1_8848] [subscribe] course-service+DEFAULT_GROUP
17:23:42.580-[CaiHua-Mac.local][sys]-- INFO 75249 --- [           main] c.a.nacos.client.config.impl.CacheData   : [fixed-127.0.0.1_8848] [add-listener] ok, tenant=, dataId=course-service, group=DEFAULT_GROUP, cnt=1
17:23:42.580-[CaiHua-Mac.local][sys]-- INFO 75249 --- [           main] c.a.c.n.refresh.NacosContextRefresher    : listening config: dataId=course-service, group=DEFAULT_GROUP
17:23:42.580-[CaiHua-Mac.local][sys]-- INFO 75249 --- [           main] c.a.n.client.config.impl.ClientWorker    : [fixed-127.0.0.1_8848] [subscribe] course-service-local.yaml+DEFAULT_GROUP
17:23:42.580-[CaiHua-Mac.local][sys]-- INFO 75249 --- [           main] c.a.nacos.client.config.impl.CacheData   : [fixed-127.0.0.1_8848] [add-listener] ok, tenant=, dataId=course-service-local.yaml, group=DEFAULT_GROUP, cnt=1
17:23:42.580-[CaiHua-Mac.local][sys]-- INFO 75249 --- [           main] c.a.c.n.refresh.NacosContextRefresher    : listening config: dataId=course-service-local.yaml, group=DEFAULT_GROUP
17:23:42.746-[CaiHua-Mac.local][sys]-- INFO 75249 --- [on(2)-127.0.0.1] o.a.c.c.C.[Tomcat].[localhost].[/]       : Initializing Spring DispatcherServlet 'dispatcherServlet'
17:23:42.746-[CaiHua-Mac.local][sys]-- INFO 75249 --- [on(2)-127.0.0.1] o.s.web.servlet.DispatcherServlet        : Initializing Servlet 'dispatcherServlet'
17:23:42.748-[CaiHua-Mac.local][sys]-- INFO 75249 --- [on(2)-127.0.0.1] o.s.web.servlet.DispatcherServlet        : Completed initialization in 2 ms
17:23:42.817-[CaiHua-Mac.local][sys]-- INFO 75249 --- [on(1)-127.0.0.1] com.zaxxer.hikari.HikariDataSource       : HikariPool-1 - Starting...
17:23:42.954-[CaiHua-Mac.local][sys]-- INFO 75249 --- [on(1)-127.0.0.1] com.zaxxer.hikari.HikariDataSource       : HikariPool-1 - Start completed.
17:24:21.137-[CaiHua-Mac.local][sys]-- INFO 75249 --- [dPool-745328791] c.xxl.job.core.executor.XxlJobExecutor   : >>>>>>>>>>> xxl-job regist JobThread success, jobId:2, handler:com.xxl.job.core.handler.impl.MethodJobHandler@5e8633da[class com.zch.course.job.TestJobHandler#testJobHandler]
17:24:21.142-[CaiHua-Mac.local][sys]--ERROR 75249 --- [2-1711099461136] com.xxl.job.core.log.XxlJobFileAppender  : No such file or directory
java.io.IOException: No such file or directory
	at java.base/java.io.UnixFileSystem.createFileExclusively(Native Method) ~[na:na]
	at java.base/java.io.File.createNewFile(File.java:1043) ~[na:na]
	at com.xxl.job.core.log.XxlJobFileAppender.appendLog(XxlJobFileAppender.java:99) ~[xxl-job-core-2.3.1.jar:na]
	at com.xxl.job.core.context.XxlJobHelper.logDetail(XxlJobHelper.java:164) ~[xxl-job-core-2.3.1.jar:na]
	at com.xxl.job.core.context.XxlJobHelper.log(XxlJobHelper.java:118) ~[xxl-job-core-2.3.1.jar:na]
	at com.xxl.job.core.thread.JobThread.run(JobThread.java:133) ~[xxl-job-core-2.3.1.jar:na]
17:24:21.142-[CaiHua-Mac.local][sys]--ERROR 75249 --- [2-1711099461136] com.xxl.job.core.log.XxlJobFileAppender  : No such file or directory
java.io.IOException: No such file or directory
	at java.base/java.io.UnixFileSystem.createFileExclusively(Native Method) ~[na:na]
	at java.base/java.io.File.createNewFile(File.java:1043) ~[na:na]
	at com.xxl.job.core.log.XxlJobFileAppender.appendLog(XxlJobFileAppender.java:99) ~[xxl-job-core-2.3.1.jar:na]
	at com.xxl.job.core.context.XxlJobHelper.logDetail(XxlJobHelper.java:164) ~[xxl-job-core-2.3.1.jar:na]
	at com.xxl.job.core.context.XxlJobHelper.log(XxlJobHelper.java:118) ~[xxl-job-core-2.3.1.jar:na]
	at com.zch.course.job.TestJobHandler.testJobHandler(TestJobHandler.java:18) ~[classes/:na]
	at java.base/jdk.internal.reflect.NativeMethodAccessorImpl.invoke0(Native Method) ~[na:na]
	at java.base/jdk.internal.reflect.NativeMethodAccessorImpl.invoke(NativeMethodAccessorImpl.java:77) ~[na:na]
	at java.base/jdk.internal.reflect.DelegatingMethodAccessorImpl.invoke(DelegatingMethodAccessorImpl.java:43) ~[na:na]
	at java.base/java.lang.reflect.Method.invoke(Method.java:568) ~[na:na]
	at com.xxl.job.core.handler.impl.MethodJobHandler.execute(MethodJobHandler.java:31) ~[xxl-job-core-2.3.1.jar:na]
	at com.xxl.job.core.thread.JobThread.run(JobThread.java:166) ~[xxl-job-core-2.3.1.jar:na]
17:24:21.142-[CaiHua-Mac.local][sys]--DEBUG 75249 --- [2-1711099461136] com.zch.course.job.TestJobHandler        : 1234556
17:24:21.142-[CaiHua-Mac.local][sys]--ERROR 75249 --- [2-1711099461136] com.xxl.job.core.log.XxlJobFileAppender  : No such file or directory
java.io.IOException: No such file or directory
	at java.base/java.io.UnixFileSystem.createFileExclusively(Native Method) ~[na:na]
	at java.base/java.io.File.createNewFile(File.java:1043) ~[na:na]
	at com.xxl.job.core.log.XxlJobFileAppender.appendLog(XxlJobFileAppender.java:99) ~[xxl-job-core-2.3.1.jar:na]
	at com.xxl.job.core.context.XxlJobHelper.logDetail(XxlJobHelper.java:164) ~[xxl-job-core-2.3.1.jar:na]
	at com.xxl.job.core.context.XxlJobHelper.log(XxlJobHelper.java:118) ~[xxl-job-core-2.3.1.jar:na]
	at com.xxl.job.core.thread.JobThread.run(JobThread.java:179) ~[xxl-job-core-2.3.1.jar:na]
17:24:21.172-[CaiHua-Mac.local][sys]--ERROR 75249 --- [rCallbackThread] com.xxl.job.core.log.XxlJobFileAppender  : No such file or directory
java.io.IOException: No such file or directory
	at java.base/java.io.UnixFileSystem.createFileExclusively(Native Method) ~[na:na]
	at java.base/java.io.File.createNewFile(File.java:1043) ~[na:na]
	at com.xxl.job.core.log.XxlJobFileAppender.appendLog(XxlJobFileAppender.java:99) ~[xxl-job-core-2.3.1.jar:na]
	at com.xxl.job.core.context.XxlJobHelper.logDetail(XxlJobHelper.java:164) ~[xxl-job-core-2.3.1.jar:na]
	at com.xxl.job.core.context.XxlJobHelper.log(XxlJobHelper.java:118) ~[xxl-job-core-2.3.1.jar:na]
	at com.xxl.job.core.thread.TriggerCallbackThread.callbackLog(TriggerCallbackThread.java:197) ~[xxl-job-core-2.3.1.jar:na]
	at com.xxl.job.core.thread.TriggerCallbackThread.doCallback(TriggerCallbackThread.java:170) ~[xxl-job-core-2.3.1.jar:na]
	at com.xxl.job.core.thread.TriggerCallbackThread.access$200(TriggerCallbackThread.java:26) ~[xxl-job-core-2.3.1.jar:na]
	at com.xxl.job.core.thread.TriggerCallbackThread$1.run(TriggerCallbackThread.java:76) ~[xxl-job-core-2.3.1.jar:na]
	at java.base/java.lang.Thread.run(Thread.java:842) ~[na:na]
17:25:50.071-[CaiHua-Mac.local][sys]--ERROR 75249 --- [2-1711099461136] com.xxl.job.core.log.XxlJobFileAppender  : No such file or directory
java.io.IOException: No such file or directory
	at java.base/java.io.UnixFileSystem.createFileExclusively(Native Method) ~[na:na]
	at java.base/java.io.File.createNewFile(File.java:1043) ~[na:na]
	at com.xxl.job.core.log.XxlJobFileAppender.appendLog(XxlJobFileAppender.java:99) ~[xxl-job-core-2.3.1.jar:na]
	at com.xxl.job.core.context.XxlJobHelper.logDetail(XxlJobHelper.java:164) ~[xxl-job-core-2.3.1.jar:na]
	at com.xxl.job.core.context.XxlJobHelper.log(XxlJobHelper.java:118) ~[xxl-job-core-2.3.1.jar:na]
	at com.xxl.job.core.thread.JobThread.run(JobThread.java:133) ~[xxl-job-core-2.3.1.jar:na]
17:25:50.073-[CaiHua-Mac.local][sys]--ERROR 75249 --- [2-1711099461136] com.xxl.job.core.log.XxlJobFileAppender  : No such file or directory
java.io.IOException: No such file or directory
	at java.base/java.io.UnixFileSystem.createFileExclusively(Native Method) ~[na:na]
	at java.base/java.io.File.createNewFile(File.java:1043) ~[na:na]
	at com.xxl.job.core.log.XxlJobFileAppender.appendLog(XxlJobFileAppender.java:99) ~[xxl-job-core-2.3.1.jar:na]
	at com.xxl.job.core.context.XxlJobHelper.logDetail(XxlJobHelper.java:164) ~[xxl-job-core-2.3.1.jar:na]
	at com.xxl.job.core.context.XxlJobHelper.log(XxlJobHelper.java:118) ~[xxl-job-core-2.3.1.jar:na]
	at com.zch.course.job.TestJobHandler.testJobHandler(TestJobHandler.java:18) ~[classes/:na]
	at java.base/jdk.internal.reflect.NativeMethodAccessorImpl.invoke0(Native Method) ~[na:na]
	at java.base/jdk.internal.reflect.NativeMethodAccessorImpl.invoke(NativeMethodAccessorImpl.java:77) ~[na:na]
	at java.base/jdk.internal.reflect.DelegatingMethodAccessorImpl.invoke(DelegatingMethodAccessorImpl.java:43) ~[na:na]
	at java.base/java.lang.reflect.Method.invoke(Method.java:568) ~[na:na]
	at com.xxl.job.core.handler.impl.MethodJobHandler.execute(MethodJobHandler.java:31) ~[xxl-job-core-2.3.1.jar:na]
	at com.xxl.job.core.thread.JobThread.run(JobThread.java:166) ~[xxl-job-core-2.3.1.jar:na]
17:25:50.074-[CaiHua-Mac.local][sys]--DEBUG 75249 --- [2-1711099461136] com.zch.course.job.TestJobHandler        : 1234556
17:25:50.075-[CaiHua-Mac.local][sys]--ERROR 75249 --- [2-1711099461136] com.xxl.job.core.log.XxlJobFileAppender  : No such file or directory
java.io.IOException: No such file or directory
	at java.base/java.io.UnixFileSystem.createFileExclusively(Native Method) ~[na:na]
	at java.base/java.io.File.createNewFile(File.java:1043) ~[na:na]
	at com.xxl.job.core.log.XxlJobFileAppender.appendLog(XxlJobFileAppender.java:99) ~[xxl-job-core-2.3.1.jar:na]
	at com.xxl.job.core.context.XxlJobHelper.logDetail(XxlJobHelper.java:164) ~[xxl-job-core-2.3.1.jar:na]
	at com.xxl.job.core.context.XxlJobHelper.log(XxlJobHelper.java:118) ~[xxl-job-core-2.3.1.jar:na]
	at com.xxl.job.core.thread.JobThread.run(JobThread.java:179) ~[xxl-job-core-2.3.1.jar:na]
17:25:50.113-[CaiHua-Mac.local][sys]--ERROR 75249 --- [rCallbackThread] com.xxl.job.core.log.XxlJobFileAppender  : No such file or directory
java.io.IOException: No such file or directory
	at java.base/java.io.UnixFileSystem.createFileExclusively(Native Method) ~[na:na]
	at java.base/java.io.File.createNewFile(File.java:1043) ~[na:na]
	at com.xxl.job.core.log.XxlJobFileAppender.appendLog(XxlJobFileAppender.java:99) ~[xxl-job-core-2.3.1.jar:na]
	at com.xxl.job.core.context.XxlJobHelper.logDetail(XxlJobHelper.java:164) ~[xxl-job-core-2.3.1.jar:na]
	at com.xxl.job.core.context.XxlJobHelper.log(XxlJobHelper.java:118) ~[xxl-job-core-2.3.1.jar:na]
	at com.xxl.job.core.thread.TriggerCallbackThread.callbackLog(TriggerCallbackThread.java:197) ~[xxl-job-core-2.3.1.jar:na]
	at com.xxl.job.core.thread.TriggerCallbackThread.doCallback(TriggerCallbackThread.java:170) ~[xxl-job-core-2.3.1.jar:na]
	at com.xxl.job.core.thread.TriggerCallbackThread.access$200(TriggerCallbackThread.java:26) ~[xxl-job-core-2.3.1.jar:na]
	at com.xxl.job.core.thread.TriggerCallbackThread$1.run(TriggerCallbackThread.java:76) ~[xxl-job-core-2.3.1.jar:na]
	at java.base/java.lang.Thread.run(Thread.java:842) ~[na:na]
17:27:10.547-[CaiHua-Mac.local][sys]-- WARN 75249 --- [       Thread-1] c.a.n.common.http.HttpClientBeanHolder   : [HttpClientBeanHolder] Start destroying common HttpClient
17:27:10.547-[CaiHua-Mac.local][sys]-- WARN 75249 --- [      Thread-12] c.a.nacos.common.notify.NotifyCenter     : [NotifyCenter] Start destroying Publisher
17:27:10.548-[CaiHua-Mac.local][sys]-- WARN 75249 --- [      Thread-12] c.a.nacos.common.notify.NotifyCenter     : [NotifyCenter] Destruction of the end
17:27:10.548-[CaiHua-Mac.local][sys]-- WARN 75249 --- [       Thread-1] c.a.n.common.http.HttpClientBeanHolder   : [HttpClientBeanHolder] Destruction of the end
17:27:11.586-[CaiHua-Mac.local][sys]-- INFO 75249 --- [ionShutdownHook] c.a.c.n.registry.NacosServiceRegistry    : De-registering from Nacos Server now...
17:27:11.586-[CaiHua-Mac.local][sys]-- INFO 75249 --- [ionShutdownHook] com.alibaba.nacos.client.naming          : [BEAT] removing beat: DEFAULT_GROUP@@course-service:127.0.0.1:8086 from beat map.
17:27:11.586-[CaiHua-Mac.local][sys]-- INFO 75249 --- [ionShutdownHook] com.alibaba.nacos.client.naming          : [DEREGISTER-SERVICE] 0b9a59a8-3e92-4637-81ec-4f43304c767b deregistering service DEFAULT_GROUP@@course-service with instance: Instance{instanceId='null', ip='127.0.0.1', port=8086, weight=1.0, healthy=true, enabled=true, ephemeral=true, clusterName='DEFAULT', serviceName='null', metadata={}}
17:27:11.600-[CaiHua-Mac.local][sys]-- INFO 75249 --- [ionShutdownHook] c.a.c.n.registry.NacosServiceRegistry    : De-registration finished.
17:27:11.601-[CaiHua-Mac.local][sys]-- INFO 75249 --- [ionShutdownHook] com.alibaba.nacos.client.naming          : com.alibaba.nacos.client.naming.beat.BeatReactor do shutdown begin
17:27:11.831-[CaiHua-Mac.local][sys]-- INFO 75249 --- [ionShutdownHook] com.alibaba.nacos.client.naming          : com.alibaba.nacos.client.naming.beat.BeatReactor do shutdown stop
17:27:11.831-[CaiHua-Mac.local][sys]-- INFO 75249 --- [ionShutdownHook] com.alibaba.nacos.client.naming          : com.alibaba.nacos.client.naming.core.HostReactor do shutdown begin
17:27:12.739-[CaiHua-Mac.local][sys]-- INFO 75249 --- [.naming.updater] com.alibaba.nacos.client.naming          : removed ips(1) service: DEFAULT_GROUP@@course-service@@DEFAULT -> [{"instanceId":"127.0.0.1#8086#DEFAULT#DEFAULT_GROUP@@course-service","ip":"127.0.0.1","port":8086,"weight":1.0,"healthy":true,"enabled":true,"ephemeral":true,"clusterName":"DEFAULT","serviceName":"DEFAULT_GROUP@@course-service","metadata":{"preserved.register.source":"SPRING_CLOUD"},"instanceHeartBeatInterval":5000,"instanceHeartBeatTimeOut":15000,"ipDeleteTimeout":30000}]
17:27:12.744-[CaiHua-Mac.local][sys]-- INFO 75249 --- [.naming.updater] com.alibaba.nacos.client.naming          : current ips:(0) service: DEFAULT_GROUP@@course-service@@DEFAULT -> []
17:27:12.745-[CaiHua-Mac.local][sys]-- INFO 75249 --- [ionShutdownHook] com.alibaba.nacos.client.naming          : com.alibaba.nacos.client.naming.core.PushReceiver do shutdown begin
17:27:15.752-[CaiHua-Mac.local][sys]-- INFO 75249 --- [ionShutdownHook] com.alibaba.nacos.client.naming          : com.alibaba.nacos.client.naming.core.PushReceiver do shutdown stop
17:27:15.753-[CaiHua-Mac.local][sys]-- INFO 75249 --- [ionShutdownHook] com.alibaba.nacos.client.naming          : com.alibaba.nacos.client.naming.backups.FailoverReactor do shutdown begin
17:27:15.753-[CaiHua-Mac.local][sys]-- INFO 75249 --- [ionShutdownHook] com.alibaba.nacos.client.naming          : com.alibaba.nacos.client.naming.backups.FailoverReactor do shutdown stop
17:27:15.754-[CaiHua-Mac.local][sys]-- INFO 75249 --- [ionShutdownHook] com.alibaba.nacos.client.naming          : com.alibaba.nacos.client.naming.core.HostReactor do shutdown stop
17:27:15.754-[CaiHua-Mac.local][sys]-- INFO 75249 --- [ionShutdownHook] com.alibaba.nacos.client.naming          : com.alibaba.nacos.client.naming.net.NamingProxy do shutdown begin
17:27:15.754-[CaiHua-Mac.local][sys]-- WARN 75249 --- [ionShutdownHook] com.alibaba.nacos.client.naming          : [NamingHttpClientManager] Start destroying NacosRestTemplate
17:27:15.754-[CaiHua-Mac.local][sys]-- WARN 75249 --- [ionShutdownHook] com.alibaba.nacos.client.naming          : [NamingHttpClientManager] Destruction of the end
17:27:15.755-[CaiHua-Mac.local][sys]-- INFO 75249 --- [ionShutdownHook] c.a.n.client.identify.CredentialWatcher  : [null] CredentialWatcher is stopped
17:27:15.755-[CaiHua-Mac.local][sys]-- INFO 75249 --- [ionShutdownHook] c.a.n.client.identify.CredentialService  : [null] CredentialService is freed
17:27:15.755-[CaiHua-Mac.local][sys]-- INFO 75249 --- [ionShutdownHook] com.alibaba.nacos.client.naming          : com.alibaba.nacos.client.naming.net.NamingProxy do shutdown stop
17:27:15.758-[CaiHua-Mac.local][sys]-- INFO 75249 --- [      Thread-18] com.xxl.job.core.server.EmbedServer      : >>>>>>>>>>> xxl-job remoting server stop.
17:27:15.776-[CaiHua-Mac.local][sys]-- INFO 75249 --- [rRegistryThread] c.x.j.c.thread.ExecutorRegistryThread    : >>>>>>>>>>> xxl-job registry-remove success, registryParam:RegistryParam{registryGroup='EXECUTOR', registryKey='course-service', registryValue='http://10.7.86.178:9999'}, registryResult:ReturnT [code=200, msg=null, content=null]
17:27:15.776-[CaiHua-Mac.local][sys]-- INFO 75249 --- [rRegistryThread] c.x.j.c.thread.ExecutorRegistryThread    : >>>>>>>>>>> xxl-job, executor registry thread destroy.
17:27:15.777-[CaiHua-Mac.local][sys]-- INFO 75249 --- [ionShutdownHook] com.xxl.job.core.server.EmbedServer      : >>>>>>>>>>> xxl-job remoting server destroy success.
17:27:15.778-[CaiHua-Mac.local][sys]--ERROR 75249 --- [2-1711099461136] com.xxl.job.core.log.XxlJobFileAppender  : No such file or directory
java.io.IOException: No such file or directory
	at java.base/java.io.UnixFileSystem.createFileExclusively(Native Method) ~[na:na]
	at java.base/java.io.File.createNewFile(File.java:1043) ~[na:na]
	at com.xxl.job.core.log.XxlJobFileAppender.appendLog(XxlJobFileAppender.java:99) ~[xxl-job-core-2.3.1.jar:na]
	at com.xxl.job.core.context.XxlJobHelper.logDetail(XxlJobHelper.java:164) ~[xxl-job-core-2.3.1.jar:na]
	at com.xxl.job.core.context.XxlJobHelper.log(XxlJobHelper.java:118) ~[xxl-job-core-2.3.1.jar:na]
	at com.xxl.job.core.thread.JobThread.run(JobThread.java:194) ~[xxl-job-core-2.3.1.jar:na]
17:27:15.779-[CaiHua-Mac.local][sys]--ERROR 75249 --- [2-1711099461136] com.xxl.job.core.log.XxlJobFileAppender  : No such file or directory
java.io.IOException: No such file or directory
	at java.base/java.io.UnixFileSystem.createFileExclusively(Native Method) ~[na:na]
	at java.base/java.io.File.createNewFile(File.java:1043) ~[na:na]
	at com.xxl.job.core.log.XxlJobFileAppender.appendLog(XxlJobFileAppender.java:99) ~[xxl-job-core-2.3.1.jar:na]
	at com.xxl.job.core.context.XxlJobHelper.logDetail(XxlJobHelper.java:164) ~[xxl-job-core-2.3.1.jar:na]
	at com.xxl.job.core.context.XxlJobHelper.log(XxlJobHelper.java:118) ~[xxl-job-core-2.3.1.jar:na]
	at com.xxl.job.core.thread.JobThread.run(JobThread.java:204) ~[xxl-job-core-2.3.1.jar:na]
17:27:15.779-[CaiHua-Mac.local][sys]-- INFO 75249 --- [2-1711099461136] com.xxl.job.core.thread.JobThread        : >>>>>>>>>>> xxl-job JobThread stoped, hashCode:Thread[xxl-job, JobThread-2-1711099461136,10,main]
17:27:15.780-[CaiHua-Mac.local][sys]-- INFO 75249 --- [FileCleanThread] c.x.j.core.thread.JobLogFileCleanThread  : >>>>>>>>>>> xxl-job, executor JobLogFileCleanThread thread destroy.
17:27:15.780-[CaiHua-Mac.local][sys]-- INFO 75249 --- [rCallbackThread] c.x.j.core.thread.TriggerCallbackThread  : >>>>>>>>>>> xxl-job, executor callback thread destroy.
17:27:15.780-[CaiHua-Mac.local][sys]-- INFO 75249 --- [      Thread-17] c.x.j.core.thread.TriggerCallbackThread  : >>>>>>>>>>> xxl-job, executor retry callback thread destroy.
17:27:15.793-[CaiHua-Mac.local][sys]-- INFO 75249 --- [ionShutdownHook] com.zaxxer.hikari.HikariDataSource       : HikariPool-1 - Shutdown initiated...
17:27:15.805-[CaiHua-Mac.local][sys]-- INFO 75249 --- [ionShutdownHook] com.zaxxer.hikari.HikariDataSource       : HikariPool-1 - Shutdown completed.
17:27:20.277-[CaiHua-Mac.local][sys]-- INFO 76124 --- [           main] com.zch.CourseApplication                : The following 1 profile is active: "local"
17:27:20.740-[CaiHua-Mac.local][sys]-- INFO 76124 --- [           main] .s.d.r.c.RepositoryConfigurationDelegate : Multiple Spring Data modules found, entering strict repository configuration mode
17:27:20.742-[CaiHua-Mac.local][sys]-- INFO 76124 --- [           main] .s.d.r.c.RepositoryConfigurationDelegate : Bootstrapping Spring Data Redis repositories in DEFAULT mode.
17:27:20.757-[CaiHua-Mac.local][sys]-- INFO 76124 --- [           main] .s.d.r.c.RepositoryConfigurationDelegate : Finished Spring Data repository scanning in 10 ms. Found 0 Redis repository interfaces.
17:27:20.889-[CaiHua-Mac.local][sys]-- INFO 76124 --- [           main] o.s.cloud.context.scope.GenericScope     : BeanFactory id=44e29601-cc90-35de-92c2-a1433e7e92bc
17:27:21.146-[CaiHua-Mac.local][sys]-- INFO 76124 --- [           main] o.s.b.w.embedded.tomcat.TomcatWebServer  : Tomcat initialized with port(s): 8086 (http)
17:27:21.151-[CaiHua-Mac.local][sys]-- INFO 76124 --- [           main] o.apache.catalina.core.StandardService   : Starting service [Tomcat]
17:27:21.151-[CaiHua-Mac.local][sys]-- INFO 76124 --- [           main] org.apache.catalina.core.StandardEngine  : Starting Servlet engine: [Apache Tomcat/9.0.65]
17:27:21.214-[CaiHua-Mac.local][sys]-- INFO 76124 --- [           main] o.a.c.c.C.[Tomcat].[localhost].[/]       : Initializing Spring embedded WebApplicationContext
17:27:21.215-[CaiHua-Mac.local][sys]-- INFO 76124 --- [           main] w.s.c.ServletWebServerApplicationContext : Root WebApplicationContext: initialization completed in 931 ms
17:27:21.304-[CaiHua-Mac.local][sys]-- INFO 76124 --- [           main] com.zch.course.config.EsRestClient       : initialize.config.name:21389dddfe0e,node:8.137.103.164:9200
17:27:21.595-[CaiHua-Mac.local][sys]-- INFO 76124 --- [           main] o.s.c.openfeign.FeignClientFactoryBean   : For 'label-service' URL not provided. Will try picking an instance via load-balancing.
17:27:21.638-[CaiHua-Mac.local][sys]-- INFO 76124 --- [           main] o.s.c.openfeign.FeignClientFactoryBean   : For 'ask-service' URL not provided. Will try picking an instance via load-balancing.
17:27:21.649-[CaiHua-Mac.local][sys]-- INFO 76124 --- [           main] o.s.c.openfeign.FeignClientFactoryBean   : For 'user-service' URL not provided. Will try picking an instance via load-balancing.
17:27:21.703-[CaiHua-Mac.local][sys]-- INFO 76124 --- [           main] o.s.c.openfeign.FeignClientFactoryBean   : For 'resource-service' URL not provided. Will try picking an instance via load-balancing.
17:27:21.735-[CaiHua-Mac.local][sys]-- INFO 76124 --- [           main] o.s.c.openfeign.FeignClientFactoryBean   : For 'trade-service' URL not provided. Will try picking an instance via load-balancing.
17:27:21.811-[CaiHua-Mac.local][sys]-- INFO 76124 --- [           main] com.zch.course.config.XxlJobConfig       : >>>>>>>>>>> xxl-job config init.
17:27:21.913-[CaiHua-Mac.local][sys]-- INFO 76124 --- [           main] o.s.b.a.w.s.WelcomePageHandlerMapping    : Adding welcome page template: index
17:27:21.999-[CaiHua-Mac.local][sys]-- INFO 76124 --- [           main] com.alibaba.nacos.client.naming          : initializer namespace from System Property :null
17:27:21.999-[CaiHua-Mac.local][sys]-- INFO 76124 --- [           main] com.alibaba.nacos.client.naming          : initializer namespace from System Environment :null
17:27:22.000-[CaiHua-Mac.local][sys]-- INFO 76124 --- [           main] com.alibaba.nacos.client.naming          : initializer namespace from System Property :null
17:27:22.025-[CaiHua-Mac.local][sys]--DEBUG 76124 --- [           main] c.z.common.redis.config.RedissonConfig   : 尝试初始化RedissonClient
17:27:22.108-[CaiHua-Mac.local][sys]-- INFO 76124 --- [           main] org.redisson.Version                     : Redisson 3.24.3
17:27:22.177-[CaiHua-Mac.local][sys]-- INFO 76124 --- [isson-netty-2-5] o.r.c.pool.MasterPubSubConnectionPool    : 1 connections initialized for 127.0.0.1/127.0.0.1:6379
17:27:22.236-[CaiHua-Mac.local][sys]-- INFO 76124 --- [sson-netty-2-19] o.r.c.pool.MasterConnectionPool          : 24 connections initialized for 127.0.0.1/127.0.0.1:6379
17:27:22.318-[CaiHua-Mac.local][sys]-- WARN 76124 --- [           main] o.a.r.s.a.RocketMQAutoConfiguration      : The necessary spring property 'rocketmq.name-server' is not defined, all rockertmq beans creation are skipped!
17:27:23.500-[CaiHua-Mac.local][sys]-- INFO 76124 --- [           main] o.s.cloud.commons.util.InetUtils         : Cannot determine local hostname
17:27:23.573-[CaiHua-Mac.local][sys]-- WARN 76124 --- [           main] iguration$LoadBalancerCaffeineWarnLogger : Spring Cloud LoadBalancer is currently working with the default cache. While this cache implementation is useful for development and tests, it's recommended to use Caffeine cache in production.You can switch to using Caffeine cache, by adding it and org.springframework.cache.caffeine.CaffeineCacheManager to the classpath.
17:27:23.576-[CaiHua-Mac.local][sys]-- INFO 76124 --- [           main] o.s.b.a.e.web.EndpointLinksResolver      : Exposing 1 endpoint(s) beneath base path '/actuator'
17:27:23.597-[CaiHua-Mac.local][sys]-- INFO 76124 --- [           main] c.xxl.job.core.executor.XxlJobExecutor   : >>>>>>>>>>> xxl-job register jobhandler success, name:testJobHandler, jobHandler:com.xxl.job.core.handler.impl.MethodJobHandler@3df79197[class com.zch.course.job.TestJobHandler#testJobHandler]
17:27:23.608-[CaiHua-Mac.local][sys]-- INFO 76124 --- [           main] o.s.c.openfeign.FeignClientFactoryBean   : For 'book-service' URL not provided. Will try picking an instance via load-balancing.
17:27:23.617-[CaiHua-Mac.local][sys]-- INFO 76124 --- [           main] o.s.c.openfeign.FeignClientFactoryBean   : For 'course-service' URL not provided. Will try picking an instance via load-balancing.
17:27:23.663-[CaiHua-Mac.local][sys]-- INFO 76124 --- [      Thread-18] com.xxl.job.core.server.EmbedServer      : >>>>>>>>>>> xxl-job remoting server start success, nettype = class com.xxl.job.core.server.EmbedServer, port = 9999
17:27:23.725-[CaiHua-Mac.local][sys]-- INFO 76124 --- [           main] o.s.b.w.embedded.tomcat.TomcatWebServer  : Tomcat started on port(s): 8086 (http) with context path ''
17:27:23.728-[CaiHua-Mac.local][sys]-- INFO 76124 --- [           main] com.alibaba.nacos.client.naming          : [BEAT] adding beat: BeatInfo{port=8086, ip='127.0.0.1', weight=1.0, serviceName='DEFAULT_GROUP@@course-service', cluster='DEFAULT', metadata={preserved.register.source=SPRING_CLOUD}, scheduled=false, period=5000, stopped=false} to beat map.
17:27:23.728-[CaiHua-Mac.local][sys]-- INFO 76124 --- [           main] com.alibaba.nacos.client.naming          : [REGISTER-SERVICE] 0b9a59a8-3e92-4637-81ec-4f43304c767b registering service DEFAULT_GROUP@@course-service with instance: Instance{instanceId='null', ip='127.0.0.1', port=8086, weight=1.0, healthy=true, enabled=true, ephemeral=true, clusterName='DEFAULT', serviceName='null', metadata={preserved.register.source=SPRING_CLOUD}}
17:27:23.732-[CaiHua-Mac.local][sys]-- INFO 76124 --- [           main] c.a.c.n.registry.NacosServiceRegistry    : nacos registry, DEFAULT_GROUP course-service 127.0.0.1:8086 register finished
17:27:24.265-[CaiHua-Mac.local][sys]-- INFO 76124 --- [g.push.receiver] com.alibaba.nacos.client.naming          : received push data: {"type":"dom","data":"{\"name\":\"DEFAULT_GROUP@@course-service\",\"clusters\":\"DEFAULT\",\"cacheMillis\":10000,\"hosts\":[{\"instanceId\":\"127.0.0.1#8086#DEFAULT#DEFAULT_GROUP@@course-service\",\"ip\":\"127.0.0.1\",\"port\":8086,\"weight\":1.0,\"healthy\":true,\"enabled\":true,\"ephemeral\":true,\"clusterName\":\"DEFAULT\",\"serviceName\":\"DEFAULT_GROUP@@course-service\",\"metadata\":{\"preserved.register.source\":\"SPRING_CLOUD\"},\"instanceHeartBeatInterval\":5000,\"instanceHeartBeatTimeOut\":15000,\"ipDeleteTimeout\":30000}],\"lastRefTime\":1711099644261,\"checksum\":\"\",\"allIPs\":false,\"reachProtectionThreshold\":false,\"valid\":true}","lastRefTime":74161703671147} from /10.7.86.178
17:27:24.273-[CaiHua-Mac.local][sys]-- INFO 76124 --- [g.push.receiver] com.alibaba.nacos.client.naming          : new ips(1) service: DEFAULT_GROUP@@course-service@@DEFAULT -> [{"instanceId":"127.0.0.1#8086#DEFAULT#DEFAULT_GROUP@@course-service","ip":"127.0.0.1","port":8086,"weight":1.0,"healthy":true,"enabled":true,"ephemeral":true,"clusterName":"DEFAULT","serviceName":"DEFAULT_GROUP@@course-service","metadata":{"preserved.register.source":"SPRING_CLOUD"},"ipDeleteTimeout":30000,"instanceHeartBeatInterval":5000,"instanceHeartBeatTimeOut":15000}]
17:27:24.277-[CaiHua-Mac.local][sys]-- INFO 76124 --- [g.push.receiver] com.alibaba.nacos.client.naming          : current ips:(1) service: DEFAULT_GROUP@@course-service@@DEFAULT -> [{"instanceId":"127.0.0.1#8086#DEFAULT#DEFAULT_GROUP@@course-service","ip":"127.0.0.1","port":8086,"weight":1.0,"healthy":true,"enabled":true,"ephemeral":true,"clusterName":"DEFAULT","serviceName":"DEFAULT_GROUP@@course-service","metadata":{"preserved.register.source":"SPRING_CLOUD"},"ipDeleteTimeout":30000,"instanceHeartBeatInterval":5000,"instanceHeartBeatTimeOut":15000}]
17:27:24.737-[CaiHua-Mac.local][sys]-- INFO 76124 --- [           main] o.s.cloud.commons.util.InetUtils         : Cannot determine local hostname
17:27:24.749-[CaiHua-Mac.local][sys]-- INFO 76124 --- [           main] com.zch.CourseApplication                : Started CourseApplication in 7.095 seconds (JVM running for 7.415)
17:27:24.758-[CaiHua-Mac.local][sys]--DEBUG 76124 --- [           main] c.z.c.core.listener.AppStartupListener   : 
==============================================================
	App:	course-service
	State:	app is running
	PID:	76124
	Date:	started at 2024-03-22 17:27:20.284
	Auth:	GeekEdu
	Email:	2069820192@qq.com
	GitHub:	https://github.com/Poison02
	AppInfo: https://10.7.86.178:8086/
==============================================================
17:27:24.759-[CaiHua-Mac.local][sys]-- INFO 76124 --- [           main] c.a.n.client.config.impl.ClientWorker    : [fixed-127.0.0.1_8848] [subscribe] course-service.yaml+DEFAULT_GROUP
17:27:24.760-[CaiHua-Mac.local][sys]-- INFO 76124 --- [           main] c.a.nacos.client.config.impl.CacheData   : [fixed-127.0.0.1_8848] [add-listener] ok, tenant=, dataId=course-service.yaml, group=DEFAULT_GROUP, cnt=1
17:27:24.760-[CaiHua-Mac.local][sys]-- INFO 76124 --- [           main] c.a.c.n.refresh.NacosContextRefresher    : listening config: dataId=course-service.yaml, group=DEFAULT_GROUP
17:27:24.760-[CaiHua-Mac.local][sys]-- INFO 76124 --- [           main] c.a.n.client.config.impl.ClientWorker    : [fixed-127.0.0.1_8848] [subscribe] course-service+DEFAULT_GROUP
17:27:24.760-[CaiHua-Mac.local][sys]-- INFO 76124 --- [           main] c.a.nacos.client.config.impl.CacheData   : [fixed-127.0.0.1_8848] [add-listener] ok, tenant=, dataId=course-service, group=DEFAULT_GROUP, cnt=1
17:27:24.760-[CaiHua-Mac.local][sys]-- INFO 76124 --- [           main] c.a.c.n.refresh.NacosContextRefresher    : listening config: dataId=course-service, group=DEFAULT_GROUP
17:27:24.760-[CaiHua-Mac.local][sys]-- INFO 76124 --- [           main] c.a.n.client.config.impl.ClientWorker    : [fixed-127.0.0.1_8848] [subscribe] course-service-local.yaml+DEFAULT_GROUP
17:27:24.760-[CaiHua-Mac.local][sys]-- INFO 76124 --- [           main] c.a.nacos.client.config.impl.CacheData   : [fixed-127.0.0.1_8848] [add-listener] ok, tenant=, dataId=course-service-local.yaml, group=DEFAULT_GROUP, cnt=1
17:27:24.760-[CaiHua-Mac.local][sys]-- INFO 76124 --- [           main] c.a.c.n.refresh.NacosContextRefresher    : listening config: dataId=course-service-local.yaml, group=DEFAULT_GROUP
17:27:25.249-[CaiHua-Mac.local][sys]-- INFO 76124 --- [(1)-10.7.86.178] o.a.c.c.C.[Tomcat].[localhost].[/]       : Initializing Spring DispatcherServlet 'dispatcherServlet'
17:27:25.249-[CaiHua-Mac.local][sys]-- INFO 76124 --- [(1)-10.7.86.178] o.s.web.servlet.DispatcherServlet        : Initializing Servlet 'dispatcherServlet'
17:27:25.250-[CaiHua-Mac.local][sys]-- INFO 76124 --- [(1)-10.7.86.178] o.s.web.servlet.DispatcherServlet        : Completed initialization in 1 ms
17:27:25.385-[CaiHua-Mac.local][sys]-- INFO 76124 --- [(2)-10.7.86.178] com.zaxxer.hikari.HikariDataSource       : HikariPool-1 - Starting...
17:27:25.515-[CaiHua-Mac.local][sys]-- INFO 76124 --- [(2)-10.7.86.178] com.zaxxer.hikari.HikariDataSource       : HikariPool-1 - Start completed.
17:27:56.753-[CaiHua-Mac.local][sys]-- INFO 76124 --- [Pool-2144422569] c.xxl.job.core.executor.XxlJobExecutor   : >>>>>>>>>>> xxl-job regist JobThread success, jobId:2, handler:com.xxl.job.core.handler.impl.MethodJobHandler@3df79197[class com.zch.course.job.TestJobHandler#testJobHandler]
17:27:56.757-[CaiHua-Mac.local][sys]--DEBUG 76124 --- [2-1711099676753] com.zch.course.job.TestJobHandler        : 1234556
17:29:29.844-[CaiHua-Mac.local][sys]-- INFO 76124 --- [2-1711099676753] com.xxl.job.core.thread.JobThread        : >>>>>>>>>>> xxl-job JobThread stoped, hashCode:Thread[xxl-job, JobThread-2-1711099676753,10,main]
17:30:31.809-[CaiHua-Mac.local][sys]-- WARN 76124 --- [      Thread-12] c.a.nacos.common.notify.NotifyCenter     : [NotifyCenter] Start destroying Publisher
17:30:31.809-[CaiHua-Mac.local][sys]-- WARN 76124 --- [       Thread-1] c.a.n.common.http.HttpClientBeanHolder   : [HttpClientBeanHolder] Start destroying common HttpClient
17:30:31.810-[CaiHua-Mac.local][sys]-- WARN 76124 --- [      Thread-12] c.a.nacos.common.notify.NotifyCenter     : [NotifyCenter] Destruction of the end
17:30:31.812-[CaiHua-Mac.local][sys]-- WARN 76124 --- [       Thread-1] c.a.n.common.http.HttpClientBeanHolder   : [HttpClientBeanHolder] Destruction of the end
17:30:32.888-[CaiHua-Mac.local][sys]-- INFO 76124 --- [ionShutdownHook] c.a.c.n.registry.NacosServiceRegistry    : De-registering from Nacos Server now...
17:30:32.888-[CaiHua-Mac.local][sys]-- INFO 76124 --- [ionShutdownHook] com.alibaba.nacos.client.naming          : [BEAT] removing beat: DEFAULT_GROUP@@course-service:127.0.0.1:8086 from beat map.
17:30:32.888-[CaiHua-Mac.local][sys]-- INFO 76124 --- [ionShutdownHook] com.alibaba.nacos.client.naming          : [DEREGISTER-SERVICE] 0b9a59a8-3e92-4637-81ec-4f43304c767b deregistering service DEFAULT_GROUP@@course-service with instance: Instance{instanceId='null', ip='127.0.0.1', port=8086, weight=1.0, healthy=true, enabled=true, ephemeral=true, clusterName='DEFAULT', serviceName='null', metadata={}}
17:30:32.892-[CaiHua-Mac.local][sys]-- INFO 76124 --- [ionShutdownHook] c.a.c.n.registry.NacosServiceRegistry    : De-registration finished.
17:30:32.893-[CaiHua-Mac.local][sys]-- INFO 76124 --- [ionShutdownHook] com.alibaba.nacos.client.naming          : com.alibaba.nacos.client.naming.beat.BeatReactor do shutdown begin
17:30:34.014-[CaiHua-Mac.local][sys]-- INFO 76124 --- [ionShutdownHook] com.alibaba.nacos.client.naming          : com.alibaba.nacos.client.naming.beat.BeatReactor do shutdown stop
17:30:34.015-[CaiHua-Mac.local][sys]-- INFO 76124 --- [ionShutdownHook] com.alibaba.nacos.client.naming          : com.alibaba.nacos.client.naming.core.HostReactor do shutdown begin
17:30:34.890-[CaiHua-Mac.local][sys]-- INFO 76124 --- [.naming.updater] com.alibaba.nacos.client.naming          : removed ips(1) service: DEFAULT_GROUP@@course-service@@DEFAULT -> [{"instanceId":"127.0.0.1#8086#DEFAULT#DEFAULT_GROUP@@course-service","ip":"127.0.0.1","port":8086,"weight":1.0,"healthy":true,"enabled":true,"ephemeral":true,"clusterName":"DEFAULT","serviceName":"DEFAULT_GROUP@@course-service","metadata":{"preserved.register.source":"SPRING_CLOUD"},"ipDeleteTimeout":30000,"instanceHeartBeatInterval":5000,"instanceHeartBeatTimeOut":15000}]
17:30:34.893-[CaiHua-Mac.local][sys]-- INFO 76124 --- [.naming.updater] com.alibaba.nacos.client.naming          : current ips:(0) service: DEFAULT_GROUP@@course-service@@DEFAULT -> []
17:30:34.893-[CaiHua-Mac.local][sys]-- INFO 76124 --- [ionShutdownHook] com.alibaba.nacos.client.naming          : com.alibaba.nacos.client.naming.core.PushReceiver do shutdown begin
17:30:37.900-[CaiHua-Mac.local][sys]-- INFO 76124 --- [ionShutdownHook] com.alibaba.nacos.client.naming          : com.alibaba.nacos.client.naming.core.PushReceiver do shutdown stop
17:30:37.901-[CaiHua-Mac.local][sys]-- INFO 76124 --- [ionShutdownHook] com.alibaba.nacos.client.naming          : com.alibaba.nacos.client.naming.backups.FailoverReactor do shutdown begin
17:30:37.901-[CaiHua-Mac.local][sys]-- INFO 76124 --- [ionShutdownHook] com.alibaba.nacos.client.naming          : com.alibaba.nacos.client.naming.backups.FailoverReactor do shutdown stop
17:30:37.901-[CaiHua-Mac.local][sys]-- INFO 76124 --- [ionShutdownHook] com.alibaba.nacos.client.naming          : com.alibaba.nacos.client.naming.core.HostReactor do shutdown stop
17:30:37.902-[CaiHua-Mac.local][sys]-- INFO 76124 --- [ionShutdownHook] com.alibaba.nacos.client.naming          : com.alibaba.nacos.client.naming.net.NamingProxy do shutdown begin
17:30:37.902-[CaiHua-Mac.local][sys]-- WARN 76124 --- [ionShutdownHook] com.alibaba.nacos.client.naming          : [NamingHttpClientManager] Start destroying NacosRestTemplate
17:30:37.902-[CaiHua-Mac.local][sys]-- WARN 76124 --- [ionShutdownHook] com.alibaba.nacos.client.naming          : [NamingHttpClientManager] Destruction of the end
17:30:37.902-[CaiHua-Mac.local][sys]-- INFO 76124 --- [ionShutdownHook] c.a.n.client.identify.CredentialWatcher  : [null] CredentialWatcher is stopped
17:30:37.902-[CaiHua-Mac.local][sys]-- INFO 76124 --- [ionShutdownHook] c.a.n.client.identify.CredentialService  : [null] CredentialService is freed
17:30:37.902-[CaiHua-Mac.local][sys]-- INFO 76124 --- [ionShutdownHook] com.alibaba.nacos.client.naming          : com.alibaba.nacos.client.naming.net.NamingProxy do shutdown stop
17:30:37.905-[CaiHua-Mac.local][sys]-- INFO 76124 --- [      Thread-18] com.xxl.job.core.server.EmbedServer      : >>>>>>>>>>> xxl-job remoting server stop.
17:30:37.922-[CaiHua-Mac.local][sys]-- INFO 76124 --- [rRegistryThread] c.x.j.c.thread.ExecutorRegistryThread    : >>>>>>>>>>> xxl-job registry-remove success, registryParam:RegistryParam{registryGroup='EXECUTOR', registryKey='course-service', registryValue='http://10.7.86.178:9999'}, registryResult:ReturnT [code=200, msg=null, content=null]
17:30:37.922-[CaiHua-Mac.local][sys]-- INFO 76124 --- [rRegistryThread] c.x.j.c.thread.ExecutorRegistryThread    : >>>>>>>>>>> xxl-job, executor registry thread destroy.
17:30:37.922-[CaiHua-Mac.local][sys]-- INFO 76124 --- [ionShutdownHook] com.xxl.job.core.server.EmbedServer      : >>>>>>>>>>> xxl-job remoting server destroy success.
17:30:37.923-[CaiHua-Mac.local][sys]-- INFO 76124 --- [FileCleanThread] c.x.j.core.thread.JobLogFileCleanThread  : >>>>>>>>>>> xxl-job, executor JobLogFileCleanThread thread destroy.
17:30:37.923-[CaiHua-Mac.local][sys]-- INFO 76124 --- [rCallbackThread] c.x.j.core.thread.TriggerCallbackThread  : >>>>>>>>>>> xxl-job, executor callback thread destroy.
17:30:37.924-[CaiHua-Mac.local][sys]-- INFO 76124 --- [      Thread-17] c.x.j.core.thread.TriggerCallbackThread  : >>>>>>>>>>> xxl-job, executor retry callback thread destroy.
17:30:37.935-[CaiHua-Mac.local][sys]-- INFO 76124 --- [ionShutdownHook] com.zaxxer.hikari.HikariDataSource       : HikariPool-1 - Shutdown initiated...
17:30:37.950-[CaiHua-Mac.local][sys]-- INFO 76124 --- [ionShutdownHook] com.zaxxer.hikari.HikariDataSource       : HikariPool-1 - Shutdown completed.
17:30:43.002-[CaiHua-Mac.local][sys]-- INFO 77917 --- [           main] com.zch.CourseApplication                : The following 1 profile is active: "local"
17:30:43.471-[CaiHua-Mac.local][sys]-- INFO 77917 --- [           main] .s.d.r.c.RepositoryConfigurationDelegate : Multiple Spring Data modules found, entering strict repository configuration mode
17:30:43.472-[CaiHua-Mac.local][sys]-- INFO 77917 --- [           main] .s.d.r.c.RepositoryConfigurationDelegate : Bootstrapping Spring Data Redis repositories in DEFAULT mode.
17:30:43.487-[CaiHua-Mac.local][sys]-- INFO 77917 --- [           main] .s.d.r.c.RepositoryConfigurationDelegate : Finished Spring Data repository scanning in 10 ms. Found 0 Redis repository interfaces.
17:30:43.626-[CaiHua-Mac.local][sys]-- INFO 77917 --- [           main] o.s.cloud.context.scope.GenericScope     : BeanFactory id=44e29601-cc90-35de-92c2-a1433e7e92bc
17:30:43.905-[CaiHua-Mac.local][sys]-- INFO 77917 --- [           main] o.s.b.w.embedded.tomcat.TomcatWebServer  : Tomcat initialized with port(s): 8086 (http)
17:30:43.909-[CaiHua-Mac.local][sys]-- INFO 77917 --- [           main] o.apache.catalina.core.StandardService   : Starting service [Tomcat]
17:30:43.910-[CaiHua-Mac.local][sys]-- INFO 77917 --- [           main] org.apache.catalina.core.StandardEngine  : Starting Servlet engine: [Apache Tomcat/9.0.65]
17:30:43.973-[CaiHua-Mac.local][sys]-- INFO 77917 --- [           main] o.a.c.c.C.[Tomcat].[localhost].[/]       : Initializing Spring embedded WebApplicationContext
17:30:43.974-[CaiHua-Mac.local][sys]-- INFO 77917 --- [           main] w.s.c.ServletWebServerApplicationContext : Root WebApplicationContext: initialization completed in 964 ms
17:30:44.063-[CaiHua-Mac.local][sys]-- INFO 77917 --- [           main] com.zch.course.config.EsRestClient       : initialize.config.name:21389dddfe0e,node:8.137.103.164:9200
17:30:44.361-[CaiHua-Mac.local][sys]-- INFO 77917 --- [           main] o.s.c.openfeign.FeignClientFactoryBean   : For 'label-service' URL not provided. Will try picking an instance via load-balancing.
17:30:44.402-[CaiHua-Mac.local][sys]-- INFO 77917 --- [           main] o.s.c.openfeign.FeignClientFactoryBean   : For 'ask-service' URL not provided. Will try picking an instance via load-balancing.
17:30:44.412-[CaiHua-Mac.local][sys]-- INFO 77917 --- [           main] o.s.c.openfeign.FeignClientFactoryBean   : For 'user-service' URL not provided. Will try picking an instance via load-balancing.
17:30:44.471-[CaiHua-Mac.local][sys]-- INFO 77917 --- [           main] o.s.c.openfeign.FeignClientFactoryBean   : For 'resource-service' URL not provided. Will try picking an instance via load-balancing.
17:30:44.504-[CaiHua-Mac.local][sys]-- INFO 77917 --- [           main] o.s.c.openfeign.FeignClientFactoryBean   : For 'trade-service' URL not provided. Will try picking an instance via load-balancing.
17:30:44.580-[CaiHua-Mac.local][sys]-- INFO 77917 --- [           main] com.zch.course.config.XxlJobConfig       : >>>>>>>>>>> xxl-job config init.
17:30:44.684-[CaiHua-Mac.local][sys]-- INFO 77917 --- [           main] o.s.b.a.w.s.WelcomePageHandlerMapping    : Adding welcome page template: index
17:30:44.769-[CaiHua-Mac.local][sys]-- INFO 77917 --- [           main] com.alibaba.nacos.client.naming          : initializer namespace from System Property :null
17:30:44.770-[CaiHua-Mac.local][sys]-- INFO 77917 --- [           main] com.alibaba.nacos.client.naming          : initializer namespace from System Environment :null
17:30:44.770-[CaiHua-Mac.local][sys]-- INFO 77917 --- [           main] com.alibaba.nacos.client.naming          : initializer namespace from System Property :null
17:30:44.791-[CaiHua-Mac.local][sys]--DEBUG 77917 --- [           main] c.z.common.redis.config.RedissonConfig   : 尝试初始化RedissonClient
17:30:44.869-[CaiHua-Mac.local][sys]-- INFO 77917 --- [           main] org.redisson.Version                     : Redisson 3.24.3
17:30:44.939-[CaiHua-Mac.local][sys]-- INFO 77917 --- [isson-netty-2-5] o.r.c.pool.MasterPubSubConnectionPool    : 1 connections initialized for 127.0.0.1/127.0.0.1:6379
17:30:44.995-[CaiHua-Mac.local][sys]-- INFO 77917 --- [sson-netty-2-19] o.r.c.pool.MasterConnectionPool          : 24 connections initialized for 127.0.0.1/127.0.0.1:6379
17:30:45.077-[CaiHua-Mac.local][sys]-- WARN 77917 --- [           main] o.a.r.s.a.RocketMQAutoConfiguration      : The necessary spring property 'rocketmq.name-server' is not defined, all rockertmq beans creation are skipped!
17:30:46.277-[CaiHua-Mac.local][sys]-- INFO 77917 --- [           main] o.s.cloud.commons.util.InetUtils         : Cannot determine local hostname
17:30:46.371-[CaiHua-Mac.local][sys]-- WARN 77917 --- [           main] iguration$LoadBalancerCaffeineWarnLogger : Spring Cloud LoadBalancer is currently working with the default cache. While this cache implementation is useful for development and tests, it's recommended to use Caffeine cache in production.You can switch to using Caffeine cache, by adding it and org.springframework.cache.caffeine.CaffeineCacheManager to the classpath.
17:30:46.374-[CaiHua-Mac.local][sys]-- INFO 77917 --- [           main] o.s.b.a.e.web.EndpointLinksResolver      : Exposing 1 endpoint(s) beneath base path '/actuator'
17:30:46.394-[CaiHua-Mac.local][sys]-- INFO 77917 --- [           main] c.xxl.job.core.executor.XxlJobExecutor   : >>>>>>>>>>> xxl-job register jobhandler success, name:testJobHandler, jobHandler:com.xxl.job.core.handler.impl.MethodJobHandler@53741683[class com.zch.course.job.TestJobHandler#testJobHandler]
17:30:46.406-[CaiHua-Mac.local][sys]-- INFO 77917 --- [           main] o.s.c.openfeign.FeignClientFactoryBean   : For 'book-service' URL not provided. Will try picking an instance via load-balancing.
17:30:46.415-[CaiHua-Mac.local][sys]-- INFO 77917 --- [           main] o.s.c.openfeign.FeignClientFactoryBean   : For 'course-service' URL not provided. Will try picking an instance via load-balancing.
17:30:46.462-[CaiHua-Mac.local][sys]-- INFO 77917 --- [      Thread-18] com.xxl.job.core.server.EmbedServer      : >>>>>>>>>>> xxl-job remoting server start success, nettype = class com.xxl.job.core.server.EmbedServer, port = 9999
17:30:46.525-[CaiHua-Mac.local][sys]-- INFO 77917 --- [           main] o.s.b.w.embedded.tomcat.TomcatWebServer  : Tomcat started on port(s): 8086 (http) with context path ''
17:30:46.527-[CaiHua-Mac.local][sys]-- INFO 77917 --- [           main] com.alibaba.nacos.client.naming          : [BEAT] adding beat: BeatInfo{port=8086, ip='127.0.0.1', weight=1.0, serviceName='DEFAULT_GROUP@@course-service', cluster='DEFAULT', metadata={preserved.register.source=SPRING_CLOUD}, scheduled=false, period=5000, stopped=false} to beat map.
17:30:46.528-[CaiHua-Mac.local][sys]-- INFO 77917 --- [           main] com.alibaba.nacos.client.naming          : [REGISTER-SERVICE] 0b9a59a8-3e92-4637-81ec-4f43304c767b registering service DEFAULT_GROUP@@course-service with instance: Instance{instanceId='null', ip='127.0.0.1', port=8086, weight=1.0, healthy=true, enabled=true, ephemeral=true, clusterName='DEFAULT', serviceName='null', metadata={preserved.register.source=SPRING_CLOUD}}
17:30:46.534-[CaiHua-Mac.local][sys]-- INFO 77917 --- [           main] c.a.c.n.registry.NacosServiceRegistry    : nacos registry, DEFAULT_GROUP course-service 127.0.0.1:8086 register finished
17:30:47.529-[CaiHua-Mac.local][sys]-- INFO 77917 --- [.naming.updater] com.alibaba.nacos.client.naming          : new ips(1) service: DEFAULT_GROUP@@course-service@@DEFAULT -> [{"instanceId":"127.0.0.1#8086#DEFAULT#DEFAULT_GROUP@@course-service","ip":"127.0.0.1","port":8086,"weight":1.0,"healthy":true,"enabled":true,"ephemeral":true,"clusterName":"DEFAULT","serviceName":"DEFAULT_GROUP@@course-service","metadata":{"preserved.register.source":"SPRING_CLOUD"},"instanceHeartBeatInterval":5000,"instanceHeartBeatTimeOut":15000,"ipDeleteTimeout":30000}]
17:30:47.532-[CaiHua-Mac.local][sys]-- INFO 77917 --- [.naming.updater] com.alibaba.nacos.client.naming          : current ips:(1) service: DEFAULT_GROUP@@course-service@@DEFAULT -> [{"instanceId":"127.0.0.1#8086#DEFAULT#DEFAULT_GROUP@@course-service","ip":"127.0.0.1","port":8086,"weight":1.0,"healthy":true,"enabled":true,"ephemeral":true,"clusterName":"DEFAULT","serviceName":"DEFAULT_GROUP@@course-service","metadata":{"preserved.register.source":"SPRING_CLOUD"},"instanceHeartBeatInterval":5000,"instanceHeartBeatTimeOut":15000,"ipDeleteTimeout":30000}]
17:30:47.536-[CaiHua-Mac.local][sys]-- INFO 77917 --- [           main] o.s.cloud.commons.util.InetUtils         : Cannot determine local hostname
17:30:47.546-[CaiHua-Mac.local][sys]-- INFO 77917 --- [           main] com.zch.CourseApplication                : Started CourseApplication in 7.24 seconds (JVM running for 7.812)
17:30:47.554-[CaiHua-Mac.local][sys]--DEBUG 77917 --- [           main] c.z.c.core.listener.AppStartupListener   : 
==============================================================
	App:	course-service
	State:	app is running
	PID:	77917
	Date:	started at 2024-03-22 17:30:43.010
	Auth:	GeekEdu
	Email:	2069820192@qq.com
	GitHub:	https://github.com/Poison02
	AppInfo: https://127.0.0.1:8086/
==============================================================
17:30:47.555-[CaiHua-Mac.local][sys]-- INFO 77917 --- [           main] c.a.n.client.config.impl.ClientWorker    : [fixed-127.0.0.1_8848] [subscribe] course-service.yaml+DEFAULT_GROUP
17:30:47.556-[CaiHua-Mac.local][sys]-- INFO 77917 --- [           main] c.a.nacos.client.config.impl.CacheData   : [fixed-127.0.0.1_8848] [add-listener] ok, tenant=, dataId=course-service.yaml, group=DEFAULT_GROUP, cnt=1
17:30:47.556-[CaiHua-Mac.local][sys]-- INFO 77917 --- [           main] c.a.c.n.refresh.NacosContextRefresher    : listening config: dataId=course-service.yaml, group=DEFAULT_GROUP
17:30:47.556-[CaiHua-Mac.local][sys]-- INFO 77917 --- [           main] c.a.n.client.config.impl.ClientWorker    : [fixed-127.0.0.1_8848] [subscribe] course-service+DEFAULT_GROUP
17:30:47.556-[CaiHua-Mac.local][sys]-- INFO 77917 --- [           main] c.a.nacos.client.config.impl.CacheData   : [fixed-127.0.0.1_8848] [add-listener] ok, tenant=, dataId=course-service, group=DEFAULT_GROUP, cnt=1
17:30:47.556-[CaiHua-Mac.local][sys]-- INFO 77917 --- [           main] c.a.c.n.refresh.NacosContextRefresher    : listening config: dataId=course-service, group=DEFAULT_GROUP
17:30:47.556-[CaiHua-Mac.local][sys]-- INFO 77917 --- [           main] c.a.n.client.config.impl.ClientWorker    : [fixed-127.0.0.1_8848] [subscribe] course-service-local.yaml+DEFAULT_GROUP
17:30:47.556-[CaiHua-Mac.local][sys]-- INFO 77917 --- [           main] c.a.nacos.client.config.impl.CacheData   : [fixed-127.0.0.1_8848] [add-listener] ok, tenant=, dataId=course-service-local.yaml, group=DEFAULT_GROUP, cnt=1
17:30:47.556-[CaiHua-Mac.local][sys]-- INFO 77917 --- [           main] c.a.c.n.refresh.NacosContextRefresher    : listening config: dataId=course-service-local.yaml, group=DEFAULT_GROUP
17:30:47.679-[CaiHua-Mac.local][sys]-- INFO 77917 --- [on(4)-127.0.0.1] o.a.c.c.C.[Tomcat].[localhost].[/]       : Initializing Spring DispatcherServlet 'dispatcherServlet'
17:30:47.679-[CaiHua-Mac.local][sys]-- INFO 77917 --- [on(4)-127.0.0.1] o.s.web.servlet.DispatcherServlet        : Initializing Servlet 'dispatcherServlet'
17:30:47.680-[CaiHua-Mac.local][sys]-- INFO 77917 --- [on(4)-127.0.0.1] o.s.web.servlet.DispatcherServlet        : Completed initialization in 1 ms
17:30:47.736-[CaiHua-Mac.local][sys]-- INFO 77917 --- [on(3)-127.0.0.1] com.zaxxer.hikari.HikariDataSource       : HikariPool-1 - Starting...
17:30:47.879-[CaiHua-Mac.local][sys]-- INFO 77917 --- [on(3)-127.0.0.1] com.zaxxer.hikari.HikariDataSource       : HikariPool-1 - Start completed.
17:31:25.024-[CaiHua-Mac.local][sys]-- INFO 77917 --- [dPool-235421485] c.xxl.job.core.executor.XxlJobExecutor   : >>>>>>>>>>> xxl-job regist JobThread success, jobId:2, handler:com.xxl.job.core.handler.impl.MethodJobHandler@53741683[class com.zch.course.job.TestJobHandler#testJobHandler]
17:31:25.027-[CaiHua-Mac.local][sys]--DEBUG 77917 --- [2-1711099885024] com.zch.course.job.TestJobHandler        : 1234556
