12:53:52.175-[CaiHua-Mac.local][sys]-- INFO 85609 --- [           main] com.zch.UserApplication                  : The following 1 profile is active: "local"
12:53:52.773-[CaiHua-Mac.local][sys]-- INFO 85609 --- [           main] .s.d.r.c.RepositoryConfigurationDelegate : Multiple Spring Data modules found, entering strict repository configuration mode
12:53:52.774-[CaiHua-Mac.local][sys]-- INFO 85609 --- [           main] .s.d.r.c.RepositoryConfigurationDelegate : Bootstrapping Spring Data Redis repositories in DEFAULT mode.
12:53:52.793-[CaiHua-Mac.local][sys]-- INFO 85609 --- [           main] .s.d.r.c.RepositoryConfigurationDelegate : Finished Spring Data repository scanning in 12 ms. Found 0 Redis repository interfaces.
12:53:52.951-[CaiHua-Mac.local][sys]-- INFO 85609 --- [           main] o.s.cloud.context.scope.GenericScope     : BeanFactory id=84b9c26e-df5a-33e1-806d-2edf2ef67e8f
12:53:53.318-[CaiHua-Mac.local][sys]-- INFO 85609 --- [           main] o.s.b.w.embedded.tomcat.TomcatWebServer  : Tomcat initialized with port(s): 8084 (http)
12:53:53.322-[CaiHua-Mac.local][sys]-- INFO 85609 --- [           main] o.apache.catalina.core.StandardService   : Starting service [Tomcat]
12:53:53.322-[CaiHua-Mac.local][sys]-- INFO 85609 --- [           main] org.apache.catalina.core.StandardEngine  : Starting Servlet engine: [Apache Tomcat/9.0.65]
12:53:53.384-[CaiHua-Mac.local][sys]-- INFO 85609 --- [           main] o.a.c.c.C.[Tomcat].[localhost].[/]       : Initializing Spring embedded WebApplicationContext
12:53:53.384-[CaiHua-Mac.local][sys]-- INFO 85609 --- [           main] w.s.c.ServletWebServerApplicationContext : Root WebApplicationContext: initialization completed in 1200 ms
12:53:53.722-[CaiHua-Mac.local][sys]-- INFO 85609 --- [           main] o.s.c.openfeign.FeignClientFactoryBean   : For 'user-service' URL not provided. Will try picking an instance via load-balancing.
12:53:54.015-[CaiHua-Mac.local][sys]-- INFO 85609 --- [           main] o.s.c.openfeign.FeignClientFactoryBean   : For 'resource-service' URL not provided. Will try picking an instance via load-balancing.
12:53:54.032-[CaiHua-Mac.local][sys]-- INFO 85609 --- [           main] o.s.c.openfeign.FeignClientFactoryBean   : For 'trade-service' URL not provided. Will try picking an instance via load-balancing.
12:53:54.050-[CaiHua-Mac.local][sys]-- INFO 85609 --- [           main] o.s.c.openfeign.FeignClientFactoryBean   : For 'book-service' URL not provided. Will try picking an instance via load-balancing.
12:53:54.063-[CaiHua-Mac.local][sys]-- INFO 85609 --- [           main] o.s.c.openfeign.FeignClientFactoryBean   : For 'course-service' URL not provided. Will try picking an instance via load-balancing.
12:53:54.219-[CaiHua-Mac.local][sys]-- INFO 85609 --- [           main] com.zch.user.config.XxlJobConfig         : >>>>>>>>>>> xxl-job config init.
12:53:54.548-[CaiHua-Mac.local][sys]-- INFO 85609 --- [           main] com.alibaba.nacos.client.naming          : initializer namespace from System Property :null
12:53:54.548-[CaiHua-Mac.local][sys]-- INFO 85609 --- [           main] com.alibaba.nacos.client.naming          : initializer namespace from System Environment :null
12:53:54.549-[CaiHua-Mac.local][sys]-- INFO 85609 --- [           main] com.alibaba.nacos.client.naming          : initializer namespace from System Property :null
12:53:54.592-[CaiHua-Mac.local][sys]--DEBUG 85609 --- [           main] c.z.common.redis.config.RedissonConfig   : 尝试初始化RedissonClient
12:53:54.687-[CaiHua-Mac.local][sys]-- INFO 85609 --- [           main] org.redisson.Version                     : Redisson 3.24.3
12:53:54.786-[CaiHua-Mac.local][sys]-- INFO 85609 --- [isson-netty-2-5] o.r.c.pool.MasterPubSubConnectionPool    : 1 connections initialized for 127.0.0.1/127.0.0.1:6379
12:53:54.857-[CaiHua-Mac.local][sys]-- INFO 85609 --- [sson-netty-2-19] o.r.c.pool.MasterConnectionPool          : 24 connections initialized for 127.0.0.1/127.0.0.1:6379
12:53:54.929-[CaiHua-Mac.local][sys]-- WARN 85609 --- [           main] o.a.r.s.a.RocketMQAutoConfiguration      : The necessary spring property 'rocketmq.name-server' is not defined, all rockertmq beans creation are skipped!
12:53:55.214-[CaiHua-Mac.local][sys]-- WARN 85609 --- [           main] iguration$LoadBalancerCaffeineWarnLogger : Spring Cloud LoadBalancer is currently working with the default cache. While this cache implementation is useful for development and tests, it's recommended to use Caffeine cache in production.You can switch to using Caffeine cache, by adding it and org.springframework.cache.caffeine.CaffeineCacheManager to the classpath.
12:53:55.217-[CaiHua-Mac.local][sys]-- INFO 85609 --- [           main] o.s.b.a.e.web.EndpointLinksResolver      : Exposing 1 endpoint(s) beneath base path '/actuator'
12:53:55.242-[CaiHua-Mac.local][sys]-- INFO 85609 --- [           main] c.xxl.job.core.executor.XxlJobExecutor   : >>>>>>>>>>> xxl-job register jobhandler success, name:syncThumbHandler, jobHandler:com.xxl.job.core.handler.impl.MethodJobHandler@46cb9794[class com.zch.user.job.UserSyncDataHandler#syncThumbHandler]
12:53:55.242-[CaiHua-Mac.local][sys]-- INFO 85609 --- [           main] c.xxl.job.core.executor.XxlJobExecutor   : >>>>>>>>>>> xxl-job register jobhandler success, name:syncCollectionHandler, jobHandler:com.xxl.job.core.handler.impl.MethodJobHandler@44252e9b[class com.zch.user.job.UserSyncDataHandler#syncCollectionHandler]
12:53:55.256-[CaiHua-Mac.local][sys]-- INFO 85609 --- [           main] o.s.c.openfeign.FeignClientFactoryBean   : For 'ask-service' URL not provided. Will try picking an instance via load-balancing.
12:53:55.267-[CaiHua-Mac.local][sys]-- INFO 85609 --- [           main] o.s.c.openfeign.FeignClientFactoryBean   : For 'label-service' URL not provided. Will try picking an instance via load-balancing.
12:53:55.318-[CaiHua-Mac.local][sys]-- INFO 85609 --- [      Thread-18] com.xxl.job.core.server.EmbedServer      : >>>>>>>>>>> xxl-job remoting server start success, nettype = class com.xxl.job.core.server.EmbedServer, port = 9090
12:53:55.382-[CaiHua-Mac.local][sys]-- INFO 85609 --- [           main] o.s.b.w.embedded.tomcat.TomcatWebServer  : Tomcat started on port(s): 8084 (http) with context path ''
12:53:55.385-[CaiHua-Mac.local][sys]-- INFO 85609 --- [           main] com.alibaba.nacos.client.naming          : [BEAT] adding beat: BeatInfo{port=8084, ip='127.0.0.1', weight=1.0, serviceName='DEFAULT_GROUP@@user-service', cluster='DEFAULT', metadata={preserved.register.source=SPRING_CLOUD}, scheduled=false, period=5000, stopped=false} to beat map.
12:53:55.385-[CaiHua-Mac.local][sys]-- INFO 85609 --- [           main] com.alibaba.nacos.client.naming          : [REGISTER-SERVICE] 0b9a59a8-3e92-4637-81ec-4f43304c767b registering service DEFAULT_GROUP@@user-service with instance: Instance{instanceId='null', ip='127.0.0.1', port=8084, weight=1.0, healthy=true, enabled=true, ephemeral=true, clusterName='DEFAULT', serviceName='null', metadata={preserved.register.source=SPRING_CLOUD}}
12:53:55.395-[CaiHua-Mac.local][sys]-- INFO 85609 --- [           main] c.a.c.n.registry.NacosServiceRegistry    : nacos registry, DEFAULT_GROUP user-service 127.0.0.1:8084 register finished
12:53:55.413-[CaiHua-Mac.local][sys]-- INFO 85609 --- [           main] com.zch.UserApplication                  : Started UserApplication in 4.134 seconds (JVM running for 4.542)
12:53:55.425-[CaiHua-Mac.local][sys]--DEBUG 85609 --- [           main] c.z.c.core.listener.AppStartupListener   : 
==============================================================
	App:	user-service
	State:	app is running
	PID:	85609
	Date:	started at 2024-04-28 12:53:52.184
	Auth:	GeekEdu
	Email:	2069820192@qq.com
	GitHub:	https://github.com/Poison02
	AppInfo: https://127.0.0.1:8084/
==============================================================
12:53:55.429-[CaiHua-Mac.local][sys]-- INFO 85609 --- [           main] c.a.n.client.config.impl.ClientWorker    : [fixed-127.0.0.1_8848] [subscribe] user-service.yaml+DEFAULT_GROUP
12:53:55.429-[CaiHua-Mac.local][sys]-- INFO 85609 --- [           main] c.a.nacos.client.config.impl.CacheData   : [fixed-127.0.0.1_8848] [add-listener] ok, tenant=, dataId=user-service.yaml, group=DEFAULT_GROUP, cnt=1
12:53:55.429-[CaiHua-Mac.local][sys]-- INFO 85609 --- [           main] c.a.c.n.refresh.NacosContextRefresher    : listening config: dataId=user-service.yaml, group=DEFAULT_GROUP
12:53:55.430-[CaiHua-Mac.local][sys]-- INFO 85609 --- [           main] c.a.n.client.config.impl.ClientWorker    : [fixed-127.0.0.1_8848] [subscribe] user-service-local.yaml+DEFAULT_GROUP
12:53:55.430-[CaiHua-Mac.local][sys]-- INFO 85609 --- [           main] c.a.nacos.client.config.impl.CacheData   : [fixed-127.0.0.1_8848] [add-listener] ok, tenant=, dataId=user-service-local.yaml, group=DEFAULT_GROUP, cnt=1
12:53:55.430-[CaiHua-Mac.local][sys]-- INFO 85609 --- [           main] c.a.c.n.refresh.NacosContextRefresher    : listening config: dataId=user-service-local.yaml, group=DEFAULT_GROUP
12:53:55.430-[CaiHua-Mac.local][sys]-- INFO 85609 --- [           main] c.a.n.client.config.impl.ClientWorker    : [fixed-127.0.0.1_8848] [subscribe] user-service+DEFAULT_GROUP
12:53:55.430-[CaiHua-Mac.local][sys]-- INFO 85609 --- [           main] c.a.nacos.client.config.impl.CacheData   : [fixed-127.0.0.1_8848] [add-listener] ok, tenant=, dataId=user-service, group=DEFAULT_GROUP, cnt=1
12:53:55.430-[CaiHua-Mac.local][sys]-- INFO 85609 --- [           main] c.a.c.n.refresh.NacosContextRefresher    : listening config: dataId=user-service, group=DEFAULT_GROUP
12:53:55.948-[CaiHua-Mac.local][sys]-- INFO 85609 --- [on(8)-127.0.0.1] o.a.c.c.C.[Tomcat].[localhost].[/]       : Initializing Spring DispatcherServlet 'dispatcherServlet'
12:53:55.948-[CaiHua-Mac.local][sys]-- INFO 85609 --- [on(8)-127.0.0.1] o.s.web.servlet.DispatcherServlet        : Initializing Servlet 'dispatcherServlet'
12:53:55.949-[CaiHua-Mac.local][sys]-- INFO 85609 --- [on(8)-127.0.0.1] o.s.web.servlet.DispatcherServlet        : Completed initialization in 1 ms
12:53:55.952-[CaiHua-Mac.local][sys]-- INFO 85609 --- [on(9)-127.0.0.1] com.zaxxer.hikari.HikariDataSource       : HikariPool-1 - Starting...
12:53:56.079-[CaiHua-Mac.local][sys]-- INFO 85609 --- [on(9)-127.0.0.1] com.zaxxer.hikari.HikariDataSource       : HikariPool-1 - Start completed.
12:53:56.387-[CaiHua-Mac.local][sys]-- INFO 85609 --- [.naming.updater] com.alibaba.nacos.client.naming          : new ips(1) service: DEFAULT_GROUP@@user-service@@DEFAULT -> [{"instanceId":"127.0.0.1#8084#DEFAULT#DEFAULT_GROUP@@user-service","ip":"127.0.0.1","port":8084,"weight":1.0,"healthy":true,"enabled":true,"ephemeral":true,"clusterName":"DEFAULT","serviceName":"DEFAULT_GROUP@@user-service","metadata":{"preserved.register.source":"SPRING_CLOUD"},"ipDeleteTimeout":30000,"instanceHeartBeatInterval":5000,"instanceHeartBeatTimeOut":15000}]
12:53:56.392-[CaiHua-Mac.local][sys]-- INFO 85609 --- [.naming.updater] com.alibaba.nacos.client.naming          : current ips:(1) service: DEFAULT_GROUP@@user-service@@DEFAULT -> [{"instanceId":"127.0.0.1#8084#DEFAULT#DEFAULT_GROUP@@user-service","ip":"127.0.0.1","port":8084,"weight":1.0,"healthy":true,"enabled":true,"ephemeral":true,"clusterName":"DEFAULT","serviceName":"DEFAULT_GROUP@@user-service","metadata":{"preserved.register.source":"SPRING_CLOUD"},"ipDeleteTimeout":30000,"instanceHeartBeatInterval":5000,"instanceHeartBeatTimeOut":15000}]
12:54:46.861-[CaiHua-Mac.local][sys]--DEBUG 85609 --- [nio-8084-exec-1] c.zch.user.mapper.UserMapper.selectById  : ==>  Preparing: SELECT id,user_name,phone,salt,password,status,name,gender,avatar,email,address,ip_address,client,intro,role_id,points,vip_id,vip_expire_time,invite_count,invite_amount,tag_id,is_frozen,created_by,updated_by,is_delete,created_time,updated_time FROM user WHERE id=? AND is_delete=0
12:54:46.885-[CaiHua-Mac.local][sys]--DEBUG 85609 --- [nio-8084-exec-1] c.zch.user.mapper.UserMapper.selectById  : ==> Parameters: 1745747394693820416(Long)
12:54:46.928-[CaiHua-Mac.local][sys]--DEBUG 85609 --- [nio-8084-exec-1] c.zch.user.mapper.UserMapper.selectById  : <==      Total: 1
12:54:46.979-[CaiHua-Mac.local][sys]--DEBUG 85609 --- [nio-8084-exec-1] c.z.u.mapper.VipInfoMapper.selectById    : ==>  Preparing: SELECT id,name,intro,day,price FROM vip_info WHERE id=?
12:54:46.979-[CaiHua-Mac.local][sys]--DEBUG 85609 --- [nio-8084-exec-1] c.z.u.mapper.VipInfoMapper.selectById    : ==> Parameters: 3(Integer)
12:54:46.993-[CaiHua-Mac.local][sys]--DEBUG 85609 --- [nio-8084-exec-1] c.z.u.mapper.VipInfoMapper.selectById    : <==      Total: 1
12:54:47.315-[CaiHua-Mac.local][sys]-- WARN 85609 --- [nio-8084-exec-2] c.b.m.c.t.support.ReflectLambdaMeta      : Unable to make field private final java.lang.Class java.lang.invoke.SerializedLambda.capturingClass accessible: module java.base does not "opens java.lang.invoke" to unnamed module @687e99d8
12:54:47.378-[CaiHua-Mac.local][sys]--DEBUG 85609 --- [nio-8084-exec-2] c.z.u.mapper.MessageMapper.selectCount   : ==>  Preparing: SELECT COUNT( * ) AS total FROM message WHERE (is_read = ?)
12:54:47.379-[CaiHua-Mac.local][sys]--DEBUG 85609 --- [nio-8084-exec-2] c.z.u.mapper.MessageMapper.selectCount   : ==> Parameters: false(Boolean)
12:54:47.395-[CaiHua-Mac.local][sys]--DEBUG 85609 --- [nio-8084-exec-2] c.z.u.mapper.MessageMapper.selectCount   : <==      Total: 1
12:56:14.166-[CaiHua-Mac.local][sys]--ERROR 85609 --- [nio-8084-exec-8] o.a.c.c.C.[.[.[/].[dispatcherServlet]    : Servlet.service() for servlet [dispatcherServlet] in context with path [] threw exception [Request processing failed; nested exception is cn.dev33.satoken.exception.NotLoginException: Token无效：eyJ0eXAiOiJKV1QiLCJhbGciOiJIUzI1NiJ9.eyJsb2dpblR5cGUiOiJsb2dpbiIsImxvZ2luSWQiOjE3NDU3NDczOTQ2OTM4MjA0MTYsInJuU3RyIjoiNjJ5YnJ3UHNiVm1NTlNRemtHZVFnWWFyZTNyZUsyMkIifQ.odsNE82RsuxlLc_uml6jAatodH-74fwTLoO638Ll8uc] with root cause
cn.dev33.satoken.exception.NotLoginException: Token无效：eyJ0eXAiOiJKV1QiLCJhbGciOiJIUzI1NiJ9.eyJsb2dpblR5cGUiOiJsb2dpbiIsImxvZ2luSWQiOjE3NDU3NDczOTQ2OTM4MjA0MTYsInJuU3RyIjoiNjJ5YnJ3UHNiVm1NTlNRemtHZVFnWWFyZTNyZUsyMkIifQ.odsNE82RsuxlLc_uml6jAatodH-74fwTLoO638Ll8uc
	at cn.dev33.satoken.exception.NotLoginException.newInstance(NotLoginException.java:137) ~[sa-token-core-1.34.0.jar:na]
	at cn.dev33.satoken.stp.StpLogic.getLoginId(StpLogic.java:678) ~[sa-token-core-1.34.0.jar:na]
	at cn.dev33.satoken.stp.StpUtil.getLoginId(StpUtil.java:297) ~[sa-token-core-1.34.0.jar:na]
	at com.zch.user.service.impl.UserServiceImpl.getUsers(UserServiceImpl.java:492) ~[classes/:na]
	at com.zch.user.service.impl.UserServiceImpl$$FastClassBySpringCGLIB$$d113501c.invoke(<generated>) ~[classes/:na]
	at org.springframework.cglib.proxy.MethodProxy.invoke(MethodProxy.java:218) ~[spring-core-5.3.22.jar:5.3.22]
	at org.springframework.aop.framework.CglibAopProxy.invokeMethod(CglibAopProxy.java:386) ~[spring-aop-5.3.22.jar:5.3.22]
	at org.springframework.aop.framework.CglibAopProxy.access$000(CglibAopProxy.java:85) ~[spring-aop-5.3.22.jar:5.3.22]
	at org.springframework.aop.framework.CglibAopProxy$DynamicAdvisedInterceptor.intercept(CglibAopProxy.java:704) ~[spring-aop-5.3.22.jar:5.3.22]
	at com.zch.user.service.impl.UserServiceImpl$$EnhancerBySpringCGLIB$$f0e2a7a4.getUsers(<generated>) ~[classes/:na]
	at com.zch.user.controller.UserController.getUsers(UserController.java:47) ~[classes/:na]
	at com.zch.user.controller.UserController$$FastClassBySpringCGLIB$$379db712.invoke(<generated>) ~[classes/:na]
	at org.springframework.cglib.proxy.MethodProxy.invoke(MethodProxy.java:218) ~[spring-core-5.3.22.jar:5.3.22]
	at org.springframework.aop.framework.CglibAopProxy$CglibMethodInvocation.invokeJoinpoint(CglibAopProxy.java:793) ~[spring-aop-5.3.22.jar:5.3.22]
	at org.springframework.aop.framework.ReflectiveMethodInvocation.proceed(ReflectiveMethodInvocation.java:163) ~[spring-aop-5.3.22.jar:5.3.22]
	at org.springframework.aop.framework.CglibAopProxy$CglibMethodInvocation.proceed(CglibAopProxy.java:763) ~[spring-aop-5.3.22.jar:5.3.22]
	at org.springframework.aop.interceptor.ExposeInvocationInterceptor.invoke(ExposeInvocationInterceptor.java:97) ~[spring-aop-5.3.22.jar:5.3.22]
	at org.springframework.aop.framework.ReflectiveMethodInvocation.proceed(ReflectiveMethodInvocation.java:186) ~[spring-aop-5.3.22.jar:5.3.22]
	at org.springframework.aop.framework.CglibAopProxy$CglibMethodInvocation.proceed(CglibAopProxy.java:763) ~[spring-aop-5.3.22.jar:5.3.22]
	at org.springframework.aop.framework.CglibAopProxy$DynamicAdvisedInterceptor.intercept(CglibAopProxy.java:708) ~[spring-aop-5.3.22.jar:5.3.22]
	at com.zch.user.controller.UserController$$EnhancerBySpringCGLIB$$499e227a.getUsers(<generated>) ~[classes/:na]
	at java.base/jdk.internal.reflect.NativeMethodAccessorImpl.invoke0(Native Method) ~[na:na]
	at java.base/jdk.internal.reflect.NativeMethodAccessorImpl.invoke(NativeMethodAccessorImpl.java:77) ~[na:na]
	at java.base/jdk.internal.reflect.DelegatingMethodAccessorImpl.invoke(DelegatingMethodAccessorImpl.java:43) ~[na:na]
	at java.base/java.lang.reflect.Method.invoke(Method.java:568) ~[na:na]
	at org.springframework.web.method.support.InvocableHandlerMethod.doInvoke(InvocableHandlerMethod.java:205) ~[spring-web-5.3.22.jar:5.3.22]
	at org.springframework.web.method.support.InvocableHandlerMethod.invokeForRequest(InvocableHandlerMethod.java:150) ~[spring-web-5.3.22.jar:5.3.22]
	at org.springframework.web.servlet.mvc.method.annotation.ServletInvocableHandlerMethod.invokeAndHandle(ServletInvocableHandlerMethod.java:117) ~[spring-webmvc-5.3.22.jar:5.3.22]
	at org.springframework.web.servlet.mvc.method.annotation.RequestMappingHandlerAdapter.invokeHandlerMethod(RequestMappingHandlerAdapter.java:895) ~[spring-webmvc-5.3.22.jar:5.3.22]
	at org.springframework.web.servlet.mvc.method.annotation.RequestMappingHandlerAdapter.handleInternal(RequestMappingHandlerAdapter.java:808) ~[spring-webmvc-5.3.22.jar:5.3.22]
	at org.springframework.web.servlet.mvc.method.AbstractHandlerMethodAdapter.handle(AbstractHandlerMethodAdapter.java:87) ~[spring-webmvc-5.3.22.jar:5.3.22]
	at org.springframework.web.servlet.DispatcherServlet.doDispatch(DispatcherServlet.java:1070) ~[spring-webmvc-5.3.22.jar:5.3.22]
	at org.springframework.web.servlet.DispatcherServlet.doService(DispatcherServlet.java:963) ~[spring-webmvc-5.3.22.jar:5.3.22]
	at org.springframework.web.servlet.FrameworkServlet.processRequest(FrameworkServlet.java:1006) ~[spring-webmvc-5.3.22.jar:5.3.22]
	at org.springframework.web.servlet.FrameworkServlet.doGet(FrameworkServlet.java:898) ~[spring-webmvc-5.3.22.jar:5.3.22]
	at javax.servlet.http.HttpServlet.service(HttpServlet.java:645) ~[javax.servlet-api-4.0.1.jar:4.0.1]
	at org.springframework.web.servlet.FrameworkServlet.service(FrameworkServlet.java:883) ~[spring-webmvc-5.3.22.jar:5.3.22]
	at javax.servlet.http.HttpServlet.service(HttpServlet.java:750) ~[javax.servlet-api-4.0.1.jar:4.0.1]
	at org.apache.catalina.core.ApplicationFilterChain.internalDoFilter(ApplicationFilterChain.java:227) ~[tomcat-embed-core-9.0.65.jar:9.0.65]
	at org.apache.catalina.core.ApplicationFilterChain.doFilter(ApplicationFilterChain.java:162) ~[tomcat-embed-core-9.0.65.jar:9.0.65]
	at org.apache.tomcat.websocket.server.WsFilter.doFilter(WsFilter.java:53) ~[tomcat-embed-websocket-9.0.65.jar:9.0.65]
	at org.apache.catalina.core.ApplicationFilterChain.internalDoFilter(ApplicationFilterChain.java:189) ~[tomcat-embed-core-9.0.65.jar:9.0.65]
	at org.apache.catalina.core.ApplicationFilterChain.doFilter(ApplicationFilterChain.java:162) ~[tomcat-embed-core-9.0.65.jar:9.0.65]
	at org.springframework.web.filter.RequestContextFilter.doFilterInternal(RequestContextFilter.java:100) ~[spring-web-5.3.22.jar:5.3.22]
	at org.springframework.web.filter.OncePerRequestFilter.doFilter(OncePerRequestFilter.java:117) ~[spring-web-5.3.22.jar:5.3.22]
	at org.apache.catalina.core.ApplicationFilterChain.internalDoFilter(ApplicationFilterChain.java:189) ~[tomcat-embed-core-9.0.65.jar:9.0.65]
	at org.apache.catalina.core.ApplicationFilterChain.doFilter(ApplicationFilterChain.java:162) ~[tomcat-embed-core-9.0.65.jar:9.0.65]
	at org.springframework.web.filter.FormContentFilter.doFilterInternal(FormContentFilter.java:93) ~[spring-web-5.3.22.jar:5.3.22]
	at org.springframework.web.filter.OncePerRequestFilter.doFilter(OncePerRequestFilter.java:117) ~[spring-web-5.3.22.jar:5.3.22]
	at org.apache.catalina.core.ApplicationFilterChain.internalDoFilter(ApplicationFilterChain.java:189) ~[tomcat-embed-core-9.0.65.jar:9.0.65]
	at org.apache.catalina.core.ApplicationFilterChain.doFilter(ApplicationFilterChain.java:162) ~[tomcat-embed-core-9.0.65.jar:9.0.65]
	at org.springframework.boot.actuate.metrics.web.servlet.WebMvcMetricsFilter.doFilterInternal(WebMvcMetricsFilter.java:96) ~[spring-boot-actuator-2.7.3.jar:2.7.3]
	at org.springframework.web.filter.OncePerRequestFilter.doFilter(OncePerRequestFilter.java:117) ~[spring-web-5.3.22.jar:5.3.22]
	at org.apache.catalina.core.ApplicationFilterChain.internalDoFilter(ApplicationFilterChain.java:189) ~[tomcat-embed-core-9.0.65.jar:9.0.65]
	at org.apache.catalina.core.ApplicationFilterChain.doFilter(ApplicationFilterChain.java:162) ~[tomcat-embed-core-9.0.65.jar:9.0.65]
	at org.springframework.web.filter.CharacterEncodingFilter.doFilterInternal(CharacterEncodingFilter.java:201) ~[spring-web-5.3.22.jar:5.3.22]
	at org.springframework.web.filter.OncePerRequestFilter.doFilter(OncePerRequestFilter.java:117) ~[spring-web-5.3.22.jar:5.3.22]
	at org.apache.catalina.core.ApplicationFilterChain.internalDoFilter(ApplicationFilterChain.java:189) ~[tomcat-embed-core-9.0.65.jar:9.0.65]
	at org.apache.catalina.core.ApplicationFilterChain.doFilter(ApplicationFilterChain.java:162) ~[tomcat-embed-core-9.0.65.jar:9.0.65]
	at org.apache.catalina.core.StandardWrapperValve.invoke(StandardWrapperValve.java:197) ~[tomcat-embed-core-9.0.65.jar:9.0.65]
	at org.apache.catalina.core.StandardContextValve.invoke(StandardContextValve.java:97) ~[tomcat-embed-core-9.0.65.jar:9.0.65]
	at org.apache.catalina.authenticator.AuthenticatorBase.invoke(AuthenticatorBase.java:541) ~[tomcat-embed-core-9.0.65.jar:9.0.65]
	at org.apache.catalina.core.StandardHostValve.invoke(StandardHostValve.java:135) ~[tomcat-embed-core-9.0.65.jar:9.0.65]
	at org.apache.catalina.valves.ErrorReportValve.invoke(ErrorReportValve.java:92) ~[tomcat-embed-core-9.0.65.jar:9.0.65]
	at org.apache.catalina.core.StandardEngineValve.invoke(StandardEngineValve.java:78) ~[tomcat-embed-core-9.0.65.jar:9.0.65]
	at org.apache.catalina.connector.CoyoteAdapter.service(CoyoteAdapter.java:360) ~[tomcat-embed-core-9.0.65.jar:9.0.65]
	at org.apache.coyote.http11.Http11Processor.service(Http11Processor.java:399) ~[tomcat-embed-core-9.0.65.jar:9.0.65]
	at org.apache.coyote.AbstractProcessorLight.process(AbstractProcessorLight.java:65) ~[tomcat-embed-core-9.0.65.jar:9.0.65]
	at org.apache.coyote.AbstractProtocol$ConnectionHandler.process(AbstractProtocol.java:890) ~[tomcat-embed-core-9.0.65.jar:9.0.65]
	at org.apache.tomcat.util.net.NioEndpoint$SocketProcessor.doRun(NioEndpoint.java:1789) ~[tomcat-embed-core-9.0.65.jar:9.0.65]
	at org.apache.tomcat.util.net.SocketProcessorBase.run(SocketProcessorBase.java:49) ~[tomcat-embed-core-9.0.65.jar:9.0.65]
	at org.apache.tomcat.util.threads.ThreadPoolExecutor.runWorker(ThreadPoolExecutor.java:1191) ~[tomcat-embed-core-9.0.65.jar:9.0.65]
	at org.apache.tomcat.util.threads.ThreadPoolExecutor$Worker.run(ThreadPoolExecutor.java:659) ~[tomcat-embed-core-9.0.65.jar:9.0.65]
	at org.apache.tomcat.util.threads.TaskThread$WrappingRunnable.run(TaskThread.java:61) ~[tomcat-embed-core-9.0.65.jar:9.0.65]
	at java.base/java.lang.Thread.run(Thread.java:842) ~[na:na]
12:56:15.402-[CaiHua-Mac.local][sys]--DEBUG 85609 --- [nio-8084-exec-9] c.z.c.redis.aspect.RateLimiterAspect     : 限制令牌 => 5，剩余令牌 => 4，缓存key => global:rate_limit:/api/captcha/image:127.0.0.1:
12:56:20.459-[CaiHua-Mac.local][sys]--DEBUG 85609 --- [io-8084-exec-10] c.zch.user.mapper.UserMapper.selectList  : ==>  Preparing: SELECT id,user_name,password,salt FROM user WHERE is_delete=0 AND (user_name = ?)
12:56:20.460-[CaiHua-Mac.local][sys]--DEBUG 85609 --- [io-8084-exec-10] c.zch.user.mapper.UserMapper.selectList  : ==> Parameters: admin@geekedu.com(String)
12:56:20.465-[CaiHua-Mac.local][sys]--DEBUG 85609 --- [io-8084-exec-10] c.zch.user.mapper.UserMapper.selectList  : <==      Total: 1
12:56:20.583-[CaiHua-Mac.local][sys]--DEBUG 85609 --- [io-8084-exec-10] c.z.u.m.SysUserRoleMapper.selectList     : ==>  Preparing: SELECT id,user_id,role_id FROM sys_user_role WHERE (user_id = ?)
12:56:20.584-[CaiHua-Mac.local][sys]--DEBUG 85609 --- [io-8084-exec-10] c.z.u.m.SysUserRoleMapper.selectList     : ==> Parameters: 1745747394693820416(Long)
12:56:20.596-[CaiHua-Mac.local][sys]--DEBUG 85609 --- [io-8084-exec-10] c.z.u.m.SysUserRoleMapper.selectList     : <==      Total: 1
12:56:20.597-[CaiHua-Mac.local][sys]--DEBUG 85609 --- [io-8084-exec-10] c.z.u.m.SysRoleMapper.selectBatchIds     : ==>  Preparing: SELECT id,display_name,slug,description,created_by,updated_by,is_delete,created_time,updated_time FROM sys_role WHERE id IN ( ? ) AND is_delete=0
12:56:20.597-[CaiHua-Mac.local][sys]--DEBUG 85609 --- [io-8084-exec-10] c.z.u.m.SysRoleMapper.selectBatchIds     : ==> Parameters: 1(Integer)
12:56:20.605-[CaiHua-Mac.local][sys]--DEBUG 85609 --- [io-8084-exec-10] c.z.u.m.SysRoleMapper.selectBatchIds     : <==      Total: 1
12:56:20.609-[CaiHua-Mac.local][sys]--DEBUG 85609 --- [io-8084-exec-10] c.z.u.m.S.selectList                     : ==>  Preparing: SELECT id,role_id,permission_id FROM sys_role_permission WHERE (role_id = ?)
12:56:20.609-[CaiHua-Mac.local][sys]--DEBUG 85609 --- [io-8084-exec-10] c.z.u.m.S.selectList                     : ==> Parameters: 1(Integer)
12:56:20.622-[CaiHua-Mac.local][sys]--DEBUG 85609 --- [io-8084-exec-10] c.z.u.m.S.selectList                     : <==      Total: 340
12:56:20.627-[CaiHua-Mac.local][sys]--DEBUG 85609 --- [io-8084-exec-10] c.z.u.m.S.selectBatchIds                 : ==>  Preparing: SELECT id,display_name,slug,method,url FROM sys_permission WHERE id IN ( ? , ? , ? , ? , ? , ? , ? , ? , ? , ? , ? , ? , ? , ? , ? , ? , ? , ? , ? , ? , ? , ? , ? , ? , ? , ? , ? , ? , ? , ? , ? , ? , ? , ? , ? , ? , ? , ? , ? , ? , ? , ? , ? , ? , ? , ? , ? , ? , ? , ? , ? , ? , ? , ? , ? , ? , ? , ? , ? , ? , ? , ? , ? , ? , ? , ? , ? , ? , ? , ? , ? , ? , ? , ? , ? , ? , ? , ? , ? , ? , ? , ? , ? , ? , ? , ? , ? , ? , ? , ? , ? , ? , ? , ? , ? , ? , ? , ? , ? , ? , ? , ? , ? , ? , ? , ? , ? , ? , ? , ? , ? , ? , ? , ? , ? , ? , ? , ? , ? , ? , ? , ? , ? , ? , ? , ? , ? , ? , ? , ? , ? , ? , ? , ? , ? , ? , ? , ? , ? , ? , ? , ? , ? , ? , ? , ? , ? , ? , ? , ? , ? , ? , ? , ? , ? , ? , ? , ? , ? , ? , ? , ? , ? , ? , ? , ? , ? , ? , ? , ? , ? , ? , ? , ? , ? , ? , ? , ? , ? , ? , ? , ? , ? , ? , ? , ? , ? , ? , ? , ? , ? , ? , ? , ? , ? , ? , ? , ? , ? , ? , ? , ? , ? , ? , ? , ? , ? , ? , ? , ? , ? , ? , ? , ? , ? , ? , ? , ? , ? , ? , ? , ? , ? , ? , ? , ? , ? , ? , ? , ? , ? , ? , ? , ? , ? , ? , ? , ? , ? , ? , ? , ? , ? , ? , ? , ? , ? , ? , ? , ? , ? , ? , ? , ? , ? , ? , ? , ? , ? , ? , ? , ? , ? , ? , ? , ? , ? , ? , ? , ? , ? , ? , ? , ? , ? , ? , ? , ? , ? , ? , ? , ? , ? , ? , ? , ? , ? , ? , ? , ? , ? , ? , ? , ? , ? , ? , ? , ? , ? , ? , ? , ? , ? , ? , ? , ? , ? , ? , ? , ? , ? , ? , ? , ? , ? , ? , ? , ? , ? , ? , ? , ? , ? , ? , ? , ? , ? , ? , ? , ? , ? , ? , ? , ? , ? , ? , ? , ? , ? , ? )
12:56:20.628-[CaiHua-Mac.local][sys]--DEBUG 85609 --- [io-8084-exec-10] c.z.u.m.S.selectBatchIds                 : ==> Parameters: 1(Integer), 2(Integer), 3(Integer), 4(Integer), 5(Integer), 6(Integer), 7(Integer), 8(Integer), 9(Integer), 10(Integer), 11(Integer), 12(Integer), 13(Integer), 14(Integer), 15(Integer), 16(Integer), 17(Integer), 18(Integer), 19(Integer), 20(Integer), 21(Integer), 22(Integer), 23(Integer), 24(Integer), 25(Integer), 26(Integer), 27(Integer), 28(Integer), 29(Integer), 30(Integer), 31(Integer), 32(Integer), 33(Integer), 34(Integer), 35(Integer), 36(Integer), 37(Integer), 38(Integer), 39(Integer), 40(Integer), 41(Integer), 42(Integer), 43(Integer), 44(Integer), 45(Integer), 46(Integer), 47(Integer), 48(Integer), 49(Integer), 50(Integer), 51(Integer), 52(Integer), 53(Integer), 54(Integer), 55(Integer), 56(Integer), 57(Integer), 58(Integer), 59(Integer), 60(Integer), 61(Integer), 62(Integer), 63(Integer), 64(Integer), 65(Integer), 66(Integer), 67(Integer), 68(Integer), 69(Integer), 70(Integer), 71(Integer), 72(Integer), 73(Integer), 74(Integer), 75(Integer), 76(Integer), 77(Integer), 78(Integer), 79(Integer), 80(Integer), 81(Integer), 82(Integer), 83(Integer), 84(Integer), 85(Integer), 86(Integer), 87(Integer), 88(Integer), 89(Integer), 90(Integer), 91(Integer), 92(Integer), 93(Integer), 94(Integer), 95(Integer), 96(Integer), 97(Integer), 98(Integer), 99(Integer), 100(Integer), 101(Integer), 102(Integer), 103(Integer), 104(Integer), 105(Integer), 106(Integer), 107(Integer), 108(Integer), 109(Integer), 110(Integer), 111(Integer), 112(Integer), 113(Integer), 114(Integer), 115(Integer), 116(Integer), 117(Integer), 118(Integer), 119(Integer), 120(Integer), 121(Integer), 122(Integer), 123(Integer), 124(Integer), 125(Integer), 126(Integer), 127(Integer), 128(Integer), 129(Integer), 130(Integer), 131(Integer), 132(Integer), 133(Integer), 134(Integer), 135(Integer), 136(Integer), 137(Integer), 138(Integer), 139(Integer), 140(Integer), 141(Integer), 142(Integer), 143(Integer), 144(Integer), 145(Integer), 146(Integer), 147(Integer), 148(Integer), 149(Integer), 150(Integer), 151(Integer), 152(Integer), 153(Integer), 154(Integer), 155(Integer), 156(Integer), 157(Integer), 158(Integer), 159(Integer), 160(Integer), 161(Integer), 162(Integer), 163(Integer), 164(Integer), 165(Integer), 166(Integer), 167(Integer), 168(Integer), 169(Integer), 170(Integer), 171(Integer), 172(Integer), 173(Integer), 174(Integer), 175(Integer), 176(Integer), 177(Integer), 178(Integer), 179(Integer), 180(Integer), 181(Integer), 182(Integer), 183(Integer), 184(Integer), 185(Integer), 186(Integer), 187(Integer), 188(Integer), 189(Integer), 190(Integer), 191(Integer), 192(Integer), 193(Integer), 194(Integer), 195(Integer), 196(Integer), 197(Integer), 198(Integer), 199(Integer), 200(Integer), 201(Integer), 202(Integer), 203(Integer), 204(Integer), 205(Integer), 206(Integer), 207(Integer), 208(Integer), 209(Integer), 210(Integer), 211(Integer), 212(Integer), 213(Integer), 214(Integer), 215(Integer), 216(Integer), 217(Integer), 218(Integer), 219(Integer), 220(Integer), 221(Integer), 222(Integer), 223(Integer), 224(Integer), 225(Integer), 226(Integer), 227(Integer), 228(Integer), 229(Integer), 230(Integer), 231(Integer), 232(Integer), 233(Integer), 234(Integer), 235(Integer), 236(Integer), 237(Integer), 238(Integer), 239(Integer), 240(Integer), 241(Integer), 242(Integer), 243(Integer), 244(Integer), 245(Integer), 246(Integer), 247(Integer), 248(Integer), 249(Integer), 250(Integer), 251(Integer), 252(Integer), 253(Integer), 254(Integer), 255(Integer), 256(Integer), 257(Integer), 258(Integer), 259(Integer), 260(Integer), 261(Integer), 262(Integer), 263(Integer), 264(Integer), 265(Integer), 266(Integer), 267(Integer), 268(Integer), 269(Integer), 270(Integer), 271(Integer), 272(Integer), 273(Integer), 274(Integer), 275(Integer), 276(Integer), 277(Integer), 278(Integer), 279(Integer), 280(Integer), 281(Integer), 282(Integer), 283(Integer), 284(Integer), 285(Integer), 286(Integer), 287(Integer), 288(Integer), 289(Integer), 290(Integer), 291(Integer), 292(Integer), 293(Integer), 294(Integer), 295(Integer), 296(Integer), 297(Integer), 298(Integer), 299(Integer), 300(Integer), 301(Integer), 302(Integer), 303(Integer), 304(Integer), 305(Integer), 306(Integer), 307(Integer), 308(Integer), 309(Integer), 310(Integer), 311(Integer), 312(Integer), 313(Integer), 314(Integer), 315(Integer), 316(Integer), 317(Integer), 318(Integer), 319(Integer), 320(Integer), 321(Integer), 322(Integer), 323(Integer), 324(Integer), 325(Integer), 326(Integer), 327(Integer), 328(Integer), 329(Integer), 330(Integer), 331(Integer), 332(Integer), 333(Integer), 334(Integer), 335(Integer), 336(Integer), 337(Integer), 338(Integer), 339(Integer), 340(Integer)
12:56:20.644-[CaiHua-Mac.local][sys]--DEBUG 85609 --- [io-8084-exec-10] c.z.u.m.S.selectBatchIds                 : <==      Total: 339
12:56:21.336-[CaiHua-Mac.local][sys]--DEBUG 85609 --- [nio-8084-exec-3] c.z.user.mapper.UserMapper.selectCount   : ==>  Preparing: SELECT COUNT( * ) AS total FROM user WHERE is_delete=0 AND (is_delete = ?)
12:56:21.336-[CaiHua-Mac.local][sys]--DEBUG 85609 --- [nio-8084-exec-3] c.z.user.mapper.UserMapper.selectCount   : ==> Parameters: 0(Integer)
12:56:21.338-[CaiHua-Mac.local][sys]--DEBUG 85609 --- [nio-8084-exec-3] c.z.user.mapper.UserMapper.selectCount   : <==      Total: 1
12:56:21.354-[CaiHua-Mac.local][sys]--DEBUG 85609 --- [nio-8084-exec-2] c.z.user.mapper.UserMapper.selectCount   : ==>  Preparing: SELECT COUNT( * ) AS total FROM user WHERE is_delete=0 AND (created_time BETWEEN ? AND ? AND is_delete = ?)
12:56:21.354-[CaiHua-Mac.local][sys]--DEBUG 85609 --- [nio-8084-exec-2] c.z.user.mapper.UserMapper.selectCount   : ==> Parameters: 2024-04-28T00:00(LocalDateTime), 2024-04-29T00:00(LocalDateTime), 0(Integer)
12:56:21.376-[CaiHua-Mac.local][sys]--DEBUG 85609 --- [nio-8084-exec-2] c.z.user.mapper.UserMapper.selectCount   : <==      Total: 1
12:56:21.511-[CaiHua-Mac.local][sys]--DEBUG 85609 --- [nio-8084-exec-4] c.z.u.m.UserMapper.queryRegisterCount    : ==>  Preparing: SELECT DATE(created_time) AS orderDate, COUNT(*) AS count FROM user WHERE is_delete = 0 AND created_time >= NOW() - INTERVAL 7 DAY AND created_time < NOW() + INTERVAL 1 DAY GROUP BY DATE(created_time) ORDER BY DATE(created_time) DESC
12:56:21.511-[CaiHua-Mac.local][sys]--DEBUG 85609 --- [nio-8084-exec-4] c.z.u.m.UserMapper.queryRegisterCount    : ==> Parameters: 
12:56:21.513-[CaiHua-Mac.local][sys]--DEBUG 85609 --- [nio-8084-exec-4] c.z.u.m.UserMapper.queryRegisterCount    : <==      Total: 0
12:57:33.243-[CaiHua-Mac.local][sys]--DEBUG 85609 --- [nio-8084-exec-7] c.z.c.redis.aspect.RateLimiterAspect     : 限制令牌 => 5，剩余令牌 => 4，缓存key => global:rate_limit:/api/captcha/image:127.0.0.1:
12:57:53.926-[CaiHua-Mac.local][sys]--DEBUG 85609 --- [nio-8084-exec-8] c.zch.user.mapper.UserMapper.selectList  : ==>  Preparing: SELECT id,user_name,password,salt FROM user WHERE is_delete=0 AND (user_name = ?)
12:57:53.927-[CaiHua-Mac.local][sys]--DEBUG 85609 --- [nio-8084-exec-8] c.zch.user.mapper.UserMapper.selectList  : ==> Parameters: admin@geekedu.com(String)
12:57:53.930-[CaiHua-Mac.local][sys]--DEBUG 85609 --- [nio-8084-exec-8] c.zch.user.mapper.UserMapper.selectList  : <==      Total: 1
12:57:53.931-[CaiHua-Mac.local][sys]--DEBUG 85609 --- [nio-8084-exec-8] c.z.u.m.SysUserRoleMapper.selectList     : ==>  Preparing: SELECT id,user_id,role_id FROM sys_user_role WHERE (user_id = ?)
12:57:53.931-[CaiHua-Mac.local][sys]--DEBUG 85609 --- [nio-8084-exec-8] c.z.u.m.SysUserRoleMapper.selectList     : ==> Parameters: 1745747394693820416(Long)
12:57:53.933-[CaiHua-Mac.local][sys]--DEBUG 85609 --- [nio-8084-exec-8] c.z.u.m.SysUserRoleMapper.selectList     : <==      Total: 1
12:57:53.933-[CaiHua-Mac.local][sys]--DEBUG 85609 --- [nio-8084-exec-8] c.z.u.m.SysRoleMapper.selectBatchIds     : ==>  Preparing: SELECT id,display_name,slug,description,created_by,updated_by,is_delete,created_time,updated_time FROM sys_role WHERE id IN ( ? ) AND is_delete=0
12:57:53.934-[CaiHua-Mac.local][sys]--DEBUG 85609 --- [nio-8084-exec-8] c.z.u.m.SysRoleMapper.selectBatchIds     : ==> Parameters: 1(Integer)
12:57:53.939-[CaiHua-Mac.local][sys]--DEBUG 85609 --- [nio-8084-exec-8] c.z.u.m.SysRoleMapper.selectBatchIds     : <==      Total: 1
12:57:53.940-[CaiHua-Mac.local][sys]--DEBUG 85609 --- [nio-8084-exec-8] c.z.u.m.S.selectList                     : ==>  Preparing: SELECT id,role_id,permission_id FROM sys_role_permission WHERE (role_id = ?)
12:57:53.940-[CaiHua-Mac.local][sys]--DEBUG 85609 --- [nio-8084-exec-8] c.z.u.m.S.selectList                     : ==> Parameters: 1(Integer)
12:57:53.946-[CaiHua-Mac.local][sys]--DEBUG 85609 --- [nio-8084-exec-8] c.z.u.m.S.selectList                     : <==      Total: 340
12:57:53.951-[CaiHua-Mac.local][sys]--DEBUG 85609 --- [nio-8084-exec-8] c.z.u.m.S.selectBatchIds                 : ==>  Preparing: SELECT id,display_name,slug,method,url FROM sys_permission WHERE id IN ( ? , ? , ? , ? , ? , ? , ? , ? , ? , ? , ? , ? , ? , ? , ? , ? , ? , ? , ? , ? , ? , ? , ? , ? , ? , ? , ? , ? , ? , ? , ? , ? , ? , ? , ? , ? , ? , ? , ? , ? , ? , ? , ? , ? , ? , ? , ? , ? , ? , ? , ? , ? , ? , ? , ? , ? , ? , ? , ? , ? , ? , ? , ? , ? , ? , ? , ? , ? , ? , ? , ? , ? , ? , ? , ? , ? , ? , ? , ? , ? , ? , ? , ? , ? , ? , ? , ? , ? , ? , ? , ? , ? , ? , ? , ? , ? , ? , ? , ? , ? , ? , ? , ? , ? , ? , ? , ? , ? , ? , ? , ? , ? , ? , ? , ? , ? , ? , ? , ? , ? , ? , ? , ? , ? , ? , ? , ? , ? , ? , ? , ? , ? , ? , ? , ? , ? , ? , ? , ? , ? , ? , ? , ? , ? , ? , ? , ? , ? , ? , ? , ? , ? , ? , ? , ? , ? , ? , ? , ? , ? , ? , ? , ? , ? , ? , ? , ? , ? , ? , ? , ? , ? , ? , ? , ? , ? , ? , ? , ? , ? , ? , ? , ? , ? , ? , ? , ? , ? , ? , ? , ? , ? , ? , ? , ? , ? , ? , ? , ? , ? , ? , ? , ? , ? , ? , ? , ? , ? , ? , ? , ? , ? , ? , ? , ? , ? , ? , ? , ? , ? , ? , ? , ? , ? , ? , ? , ? , ? , ? , ? , ? , ? , ? , ? , ? , ? , ? , ? , ? , ? , ? , ? , ? , ? , ? , ? , ? , ? , ? , ? , ? , ? , ? , ? , ? , ? , ? , ? , ? , ? , ? , ? , ? , ? , ? , ? , ? , ? , ? , ? , ? , ? , ? , ? , ? , ? , ? , ? , ? , ? , ? , ? , ? , ? , ? , ? , ? , ? , ? , ? , ? , ? , ? , ? , ? , ? , ? , ? , ? , ? , ? , ? , ? , ? , ? , ? , ? , ? , ? , ? , ? , ? , ? , ? , ? , ? , ? , ? , ? , ? , ? , ? , ? , ? , ? , ? , ? , ? , ? , ? , ? , ? , ? , ? , ? , ? , ? , ? , ? , ? )
12:57:53.953-[CaiHua-Mac.local][sys]--DEBUG 85609 --- [nio-8084-exec-8] c.z.u.m.S.selectBatchIds                 : ==> Parameters: 1(Integer), 2(Integer), 3(Integer), 4(Integer), 5(Integer), 6(Integer), 7(Integer), 8(Integer), 9(Integer), 10(Integer), 11(Integer), 12(Integer), 13(Integer), 14(Integer), 15(Integer), 16(Integer), 17(Integer), 18(Integer), 19(Integer), 20(Integer), 21(Integer), 22(Integer), 23(Integer), 24(Integer), 25(Integer), 26(Integer), 27(Integer), 28(Integer), 29(Integer), 30(Integer), 31(Integer), 32(Integer), 33(Integer), 34(Integer), 35(Integer), 36(Integer), 37(Integer), 38(Integer), 39(Integer), 40(Integer), 41(Integer), 42(Integer), 43(Integer), 44(Integer), 45(Integer), 46(Integer), 47(Integer), 48(Integer), 49(Integer), 50(Integer), 51(Integer), 52(Integer), 53(Integer), 54(Integer), 55(Integer), 56(Integer), 57(Integer), 58(Integer), 59(Integer), 60(Integer), 61(Integer), 62(Integer), 63(Integer), 64(Integer), 65(Integer), 66(Integer), 67(Integer), 68(Integer), 69(Integer), 70(Integer), 71(Integer), 72(Integer), 73(Integer), 74(Integer), 75(Integer), 76(Integer), 77(Integer), 78(Integer), 79(Integer), 80(Integer), 81(Integer), 82(Integer), 83(Integer), 84(Integer), 85(Integer), 86(Integer), 87(Integer), 88(Integer), 89(Integer), 90(Integer), 91(Integer), 92(Integer), 93(Integer), 94(Integer), 95(Integer), 96(Integer), 97(Integer), 98(Integer), 99(Integer), 100(Integer), 101(Integer), 102(Integer), 103(Integer), 104(Integer), 105(Integer), 106(Integer), 107(Integer), 108(Integer), 109(Integer), 110(Integer), 111(Integer), 112(Integer), 113(Integer), 114(Integer), 115(Integer), 116(Integer), 117(Integer), 118(Integer), 119(Integer), 120(Integer), 121(Integer), 122(Integer), 123(Integer), 124(Integer), 125(Integer), 126(Integer), 127(Integer), 128(Integer), 129(Integer), 130(Integer), 131(Integer), 132(Integer), 133(Integer), 134(Integer), 135(Integer), 136(Integer), 137(Integer), 138(Integer), 139(Integer), 140(Integer), 141(Integer), 142(Integer), 143(Integer), 144(Integer), 145(Integer), 146(Integer), 147(Integer), 148(Integer), 149(Integer), 150(Integer), 151(Integer), 152(Integer), 153(Integer), 154(Integer), 155(Integer), 156(Integer), 157(Integer), 158(Integer), 159(Integer), 160(Integer), 161(Integer), 162(Integer), 163(Integer), 164(Integer), 165(Integer), 166(Integer), 167(Integer), 168(Integer), 169(Integer), 170(Integer), 171(Integer), 172(Integer), 173(Integer), 174(Integer), 175(Integer), 176(Integer), 177(Integer), 178(Integer), 179(Integer), 180(Integer), 181(Integer), 182(Integer), 183(Integer), 184(Integer), 185(Integer), 186(Integer), 187(Integer), 188(Integer), 189(Integer), 190(Integer), 191(Integer), 192(Integer), 193(Integer), 194(Integer), 195(Integer), 196(Integer), 197(Integer), 198(Integer), 199(Integer), 200(Integer), 201(Integer), 202(Integer), 203(Integer), 204(Integer), 205(Integer), 206(Integer), 207(Integer), 208(Integer), 209(Integer), 210(Integer), 211(Integer), 212(Integer), 213(Integer), 214(Integer), 215(Integer), 216(Integer), 217(Integer), 218(Integer), 219(Integer), 220(Integer), 221(Integer), 222(Integer), 223(Integer), 224(Integer), 225(Integer), 226(Integer), 227(Integer), 228(Integer), 229(Integer), 230(Integer), 231(Integer), 232(Integer), 233(Integer), 234(Integer), 235(Integer), 236(Integer), 237(Integer), 238(Integer), 239(Integer), 240(Integer), 241(Integer), 242(Integer), 243(Integer), 244(Integer), 245(Integer), 246(Integer), 247(Integer), 248(Integer), 249(Integer), 250(Integer), 251(Integer), 252(Integer), 253(Integer), 254(Integer), 255(Integer), 256(Integer), 257(Integer), 258(Integer), 259(Integer), 260(Integer), 261(Integer), 262(Integer), 263(Integer), 264(Integer), 265(Integer), 266(Integer), 267(Integer), 268(Integer), 269(Integer), 270(Integer), 271(Integer), 272(Integer), 273(Integer), 274(Integer), 275(Integer), 276(Integer), 277(Integer), 278(Integer), 279(Integer), 280(Integer), 281(Integer), 282(Integer), 283(Integer), 284(Integer), 285(Integer), 286(Integer), 287(Integer), 288(Integer), 289(Integer), 290(Integer), 291(Integer), 292(Integer), 293(Integer), 294(Integer), 295(Integer), 296(Integer), 297(Integer), 298(Integer), 299(Integer), 300(Integer), 301(Integer), 302(Integer), 303(Integer), 304(Integer), 305(Integer), 306(Integer), 307(Integer), 308(Integer), 309(Integer), 310(Integer), 311(Integer), 312(Integer), 313(Integer), 314(Integer), 315(Integer), 316(Integer), 317(Integer), 318(Integer), 319(Integer), 320(Integer), 321(Integer), 322(Integer), 323(Integer), 324(Integer), 325(Integer), 326(Integer), 327(Integer), 328(Integer), 329(Integer), 330(Integer), 331(Integer), 332(Integer), 333(Integer), 334(Integer), 335(Integer), 336(Integer), 337(Integer), 338(Integer), 339(Integer), 340(Integer)
12:57:53.965-[CaiHua-Mac.local][sys]--DEBUG 85609 --- [nio-8084-exec-8] c.z.u.m.S.selectBatchIds                 : <==      Total: 339
12:57:54.266-[CaiHua-Mac.local][sys]--DEBUG 85609 --- [io-8084-exec-10] c.z.user.mapper.UserMapper.selectCount   : ==>  Preparing: SELECT COUNT( * ) AS total FROM user WHERE is_delete=0 AND (is_delete = ?)
12:57:54.266-[CaiHua-Mac.local][sys]--DEBUG 85609 --- [io-8084-exec-10] c.z.user.mapper.UserMapper.selectCount   : ==> Parameters: 0(Integer)
12:57:54.271-[CaiHua-Mac.local][sys]--DEBUG 85609 --- [io-8084-exec-10] c.z.user.mapper.UserMapper.selectCount   : <==      Total: 1
12:57:54.278-[CaiHua-Mac.local][sys]--DEBUG 85609 --- [nio-8084-exec-1] c.z.user.mapper.UserMapper.selectCount   : ==>  Preparing: SELECT COUNT( * ) AS total FROM user WHERE is_delete=0 AND (created_time BETWEEN ? AND ? AND is_delete = ?)
12:57:54.278-[CaiHua-Mac.local][sys]--DEBUG 85609 --- [nio-8084-exec-1] c.z.user.mapper.UserMapper.selectCount   : ==> Parameters: 2024-04-28T00:00(LocalDateTime), 2024-04-29T00:00(LocalDateTime), 0(Integer)
12:57:54.280-[CaiHua-Mac.local][sys]--DEBUG 85609 --- [nio-8084-exec-1] c.z.user.mapper.UserMapper.selectCount   : <==      Total: 1
12:57:54.408-[CaiHua-Mac.local][sys]--DEBUG 85609 --- [nio-8084-exec-3] c.z.u.m.UserMapper.queryRegisterCount    : ==>  Preparing: SELECT DATE(created_time) AS orderDate, COUNT(*) AS count FROM user WHERE is_delete = 0 AND created_time >= NOW() - INTERVAL 7 DAY AND created_time < NOW() + INTERVAL 1 DAY GROUP BY DATE(created_time) ORDER BY DATE(created_time) DESC
12:57:54.408-[CaiHua-Mac.local][sys]--DEBUG 85609 --- [nio-8084-exec-3] c.z.u.m.UserMapper.queryRegisterCount    : ==> Parameters: 
12:57:54.409-[CaiHua-Mac.local][sys]--DEBUG 85609 --- [nio-8084-exec-3] c.z.u.m.UserMapper.queryRegisterCount    : <==      Total: 0
12:57:57.818-[CaiHua-Mac.local][sys]--DEBUG 85609 --- [nio-8084-exec-2] c.zch.user.mapper.UserMapper.selectById  : ==>  Preparing: SELECT id,user_name,phone,salt,password,status,name,gender,avatar,email,address,ip_address,client,intro,role_id,points,vip_id,vip_expire_time,invite_count,invite_amount,tag_id,is_frozen,created_by,updated_by,is_delete,created_time,updated_time FROM user WHERE id=? AND is_delete=0
12:57:57.818-[CaiHua-Mac.local][sys]--DEBUG 85609 --- [nio-8084-exec-2] c.zch.user.mapper.UserMapper.selectById  : ==> Parameters: 1745747394693820416(String)
12:57:57.820-[CaiHua-Mac.local][sys]--DEBUG 85609 --- [nio-8084-exec-2] c.zch.user.mapper.UserMapper.selectById  : <==      Total: 1
12:57:57.923-[CaiHua-Mac.local][sys]--DEBUG 85609 --- [nio-8084-exec-4] c.z.u.mapper.VipInfoMapper.selectById    : ==>  Preparing: SELECT id,name,intro,day,price FROM vip_info WHERE id=?
12:57:57.924-[CaiHua-Mac.local][sys]--DEBUG 85609 --- [nio-8084-exec-4] c.z.u.mapper.VipInfoMapper.selectById    : ==> Parameters: 1(Integer)
12:57:57.925-[CaiHua-Mac.local][sys]--DEBUG 85609 --- [nio-8084-exec-4] c.z.u.mapper.VipInfoMapper.selectById    : <==      Total: 1
12:57:57.931-[CaiHua-Mac.local][sys]--DEBUG 85609 --- [nio-8084-exec-6] c.z.u.mapper.VipInfoMapper.selectById    : ==>  Preparing: SELECT id,name,intro,day,price FROM vip_info WHERE id=?
12:57:57.932-[CaiHua-Mac.local][sys]--DEBUG 85609 --- [nio-8084-exec-6] c.z.u.mapper.VipInfoMapper.selectById    : ==> Parameters: 1(Integer)
12:57:57.933-[CaiHua-Mac.local][sys]--DEBUG 85609 --- [nio-8084-exec-6] c.z.u.mapper.VipInfoMapper.selectById    : <==      Total: 1
12:57:57.939-[CaiHua-Mac.local][sys]--DEBUG 85609 --- [nio-8084-exec-5] c.z.u.mapper.VipInfoMapper.selectById    : ==>  Preparing: SELECT id,name,intro,day,price FROM vip_info WHERE id=?
12:57:57.940-[CaiHua-Mac.local][sys]--DEBUG 85609 --- [nio-8084-exec-5] c.z.u.mapper.VipInfoMapper.selectById    : ==> Parameters: 1(Integer)
12:57:57.941-[CaiHua-Mac.local][sys]--DEBUG 85609 --- [nio-8084-exec-5] c.z.u.mapper.VipInfoMapper.selectById    : <==      Total: 1
12:57:57.945-[CaiHua-Mac.local][sys]--DEBUG 85609 --- [nio-8084-exec-7] c.z.u.mapper.VipInfoMapper.selectById    : ==>  Preparing: SELECT id,name,intro,day,price FROM vip_info WHERE id=?
12:57:57.945-[CaiHua-Mac.local][sys]--DEBUG 85609 --- [nio-8084-exec-7] c.z.u.mapper.VipInfoMapper.selectById    : ==> Parameters: 1(Integer)
12:57:57.946-[CaiHua-Mac.local][sys]--DEBUG 85609 --- [nio-8084-exec-7] c.z.u.mapper.VipInfoMapper.selectById    : <==      Total: 1
12:57:58.013-[CaiHua-Mac.local][sys]--DEBUG 85609 --- [nio-8084-exec-8] c.z.u.mapper.VipInfoMapper.selectById    : ==>  Preparing: SELECT id,name,intro,day,price FROM vip_info WHERE id=?
12:57:58.013-[CaiHua-Mac.local][sys]--DEBUG 85609 --- [nio-8084-exec-8] c.z.u.mapper.VipInfoMapper.selectById    : ==> Parameters: 2(Integer)
12:57:58.014-[CaiHua-Mac.local][sys]--DEBUG 85609 --- [nio-8084-exec-8] c.z.u.mapper.VipInfoMapper.selectById    : <==      Total: 1
12:57:58.018-[CaiHua-Mac.local][sys]--DEBUG 85609 --- [nio-8084-exec-9] c.z.u.mapper.VipInfoMapper.selectById    : ==>  Preparing: SELECT id,name,intro,day,price FROM vip_info WHERE id=?
12:57:58.018-[CaiHua-Mac.local][sys]--DEBUG 85609 --- [nio-8084-exec-9] c.z.u.mapper.VipInfoMapper.selectById    : ==> Parameters: 1(Integer)
12:57:58.019-[CaiHua-Mac.local][sys]--DEBUG 85609 --- [nio-8084-exec-9] c.z.u.mapper.VipInfoMapper.selectById    : <==      Total: 1
12:57:58.021-[CaiHua-Mac.local][sys]--DEBUG 85609 --- [io-8084-exec-10] c.z.u.mapper.VipInfoMapper.selectById    : ==>  Preparing: SELECT id,name,intro,day,price FROM vip_info WHERE id=?
12:57:58.021-[CaiHua-Mac.local][sys]--DEBUG 85609 --- [io-8084-exec-10] c.z.u.mapper.VipInfoMapper.selectById    : ==> Parameters: 1(Integer)
12:57:58.022-[CaiHua-Mac.local][sys]--DEBUG 85609 --- [io-8084-exec-10] c.z.u.mapper.VipInfoMapper.selectById    : <==      Total: 1
12:57:58.042-[CaiHua-Mac.local][sys]--DEBUG 85609 --- [nio-8084-exec-1] c.z.u.mapper.VipInfoMapper.selectById    : ==>  Preparing: SELECT id,name,intro,day,price FROM vip_info WHERE id=?
12:57:58.042-[CaiHua-Mac.local][sys]--DEBUG 85609 --- [nio-8084-exec-1] c.z.u.mapper.VipInfoMapper.selectById    : ==> Parameters: 1(Integer)
12:57:58.043-[CaiHua-Mac.local][sys]--DEBUG 85609 --- [nio-8084-exec-1] c.z.u.mapper.VipInfoMapper.selectById    : <==      Total: 1
12:58:28.551-[CaiHua-Mac.local][sys]--DEBUG 85609 --- [nio-8084-exec-5] c.zch.user.mapper.UserMapper.selectById  : ==>  Preparing: SELECT id,user_name,phone,salt,password,status,name,gender,avatar,email,address,ip_address,client,intro,role_id,points,vip_id,vip_expire_time,invite_count,invite_amount,tag_id,is_frozen,created_by,updated_by,is_delete,created_time,updated_time FROM user WHERE id=? AND is_delete=0
12:58:28.551-[CaiHua-Mac.local][sys]--DEBUG 85609 --- [nio-8084-exec-5] c.zch.user.mapper.UserMapper.selectById  : ==> Parameters: 1745747394693820416(String)
12:58:28.554-[CaiHua-Mac.local][sys]--DEBUG 85609 --- [nio-8084-exec-5] c.zch.user.mapper.UserMapper.selectById  : <==      Total: 1
12:58:28.569-[CaiHua-Mac.local][sys]--DEBUG 85609 --- [nio-8084-exec-7] c.zch.user.mapper.UserMapper.selectById  : ==>  Preparing: SELECT id,user_name,phone,salt,password,status,name,gender,avatar,email,address,ip_address,client,intro,role_id,points,vip_id,vip_expire_time,invite_count,invite_amount,tag_id,is_frozen,created_by,updated_by,is_delete,created_time,updated_time FROM user WHERE id=? AND is_delete=0
12:58:28.569-[CaiHua-Mac.local][sys]--DEBUG 85609 --- [nio-8084-exec-7] c.zch.user.mapper.UserMapper.selectById  : ==> Parameters: 1745747394693820416(String)
12:58:28.571-[CaiHua-Mac.local][sys]--DEBUG 85609 --- [nio-8084-exec-7] c.zch.user.mapper.UserMapper.selectById  : <==      Total: 1
12:58:28.582-[CaiHua-Mac.local][sys]--DEBUG 85609 --- [nio-8084-exec-8] c.zch.user.mapper.UserMapper.selectById  : ==>  Preparing: SELECT id,user_name,phone,salt,password,status,name,gender,avatar,email,address,ip_address,client,intro,role_id,points,vip_id,vip_expire_time,invite_count,invite_amount,tag_id,is_frozen,created_by,updated_by,is_delete,created_time,updated_time FROM user WHERE id=? AND is_delete=0
12:58:28.582-[CaiHua-Mac.local][sys]--DEBUG 85609 --- [nio-8084-exec-8] c.zch.user.mapper.UserMapper.selectById  : ==> Parameters: 1745747394693820416(String)
12:58:28.583-[CaiHua-Mac.local][sys]--DEBUG 85609 --- [nio-8084-exec-8] c.zch.user.mapper.UserMapper.selectById  : <==      Total: 1
12:58:28.593-[CaiHua-Mac.local][sys]--DEBUG 85609 --- [nio-8084-exec-9] c.zch.user.mapper.UserMapper.selectById  : ==>  Preparing: SELECT id,user_name,phone,salt,password,status,name,gender,avatar,email,address,ip_address,client,intro,role_id,points,vip_id,vip_expire_time,invite_count,invite_amount,tag_id,is_frozen,created_by,updated_by,is_delete,created_time,updated_time FROM user WHERE id=? AND is_delete=0
12:58:28.593-[CaiHua-Mac.local][sys]--DEBUG 85609 --- [nio-8084-exec-9] c.zch.user.mapper.UserMapper.selectById  : ==> Parameters: 1745747394693820416(String)
12:58:28.596-[CaiHua-Mac.local][sys]--DEBUG 85609 --- [nio-8084-exec-9] c.zch.user.mapper.UserMapper.selectById  : <==      Total: 1
12:58:28.606-[CaiHua-Mac.local][sys]--DEBUG 85609 --- [io-8084-exec-10] c.zch.user.mapper.UserMapper.selectById  : ==>  Preparing: SELECT id,user_name,phone,salt,password,status,name,gender,avatar,email,address,ip_address,client,intro,role_id,points,vip_id,vip_expire_time,invite_count,invite_amount,tag_id,is_frozen,created_by,updated_by,is_delete,created_time,updated_time FROM user WHERE id=? AND is_delete=0
12:58:28.606-[CaiHua-Mac.local][sys]--DEBUG 85609 --- [io-8084-exec-10] c.zch.user.mapper.UserMapper.selectById  : ==> Parameters: 1745747394693820416(String)
12:58:28.610-[CaiHua-Mac.local][sys]--DEBUG 85609 --- [io-8084-exec-10] c.zch.user.mapper.UserMapper.selectById  : <==      Total: 1
12:58:33.877-[CaiHua-Mac.local][sys]--DEBUG 85609 --- [nio-8084-exec-2] c.zch.user.mapper.UserMapper.selectById  : ==>  Preparing: SELECT id,user_name,phone,salt,password,status,name,gender,avatar,email,address,ip_address,client,intro,role_id,points,vip_id,vip_expire_time,invite_count,invite_amount,tag_id,is_frozen,created_by,updated_by,is_delete,created_time,updated_time FROM user WHERE id=? AND is_delete=0
12:58:33.878-[CaiHua-Mac.local][sys]--DEBUG 85609 --- [nio-8084-exec-2] c.zch.user.mapper.UserMapper.selectById  : ==> Parameters: 1745747394693820416(Long)
12:58:33.880-[CaiHua-Mac.local][sys]--DEBUG 85609 --- [nio-8084-exec-4] c.z.u.mapper.MessageMapper.selectCount   : ==>  Preparing: SELECT COUNT( * ) AS total FROM message WHERE (is_read = ?)
12:58:33.880-[CaiHua-Mac.local][sys]--DEBUG 85609 --- [nio-8084-exec-4] c.z.u.mapper.MessageMapper.selectCount   : ==> Parameters: false(Boolean)
12:58:33.881-[CaiHua-Mac.local][sys]--DEBUG 85609 --- [nio-8084-exec-2] c.zch.user.mapper.UserMapper.selectById  : <==      Total: 1
12:58:33.883-[CaiHua-Mac.local][sys]--DEBUG 85609 --- [nio-8084-exec-2] c.z.u.mapper.VipInfoMapper.selectById    : ==>  Preparing: SELECT id,name,intro,day,price FROM vip_info WHERE id=?
12:58:33.883-[CaiHua-Mac.local][sys]--DEBUG 85609 --- [nio-8084-exec-4] c.z.u.mapper.MessageMapper.selectCount   : <==      Total: 1
12:58:33.883-[CaiHua-Mac.local][sys]--DEBUG 85609 --- [nio-8084-exec-2] c.z.u.mapper.VipInfoMapper.selectById    : ==> Parameters: 3(Integer)
12:58:33.886-[CaiHua-Mac.local][sys]--DEBUG 85609 --- [nio-8084-exec-2] c.z.u.mapper.VipInfoMapper.selectById    : <==      Total: 1
12:58:33.906-[CaiHua-Mac.local][sys]--DEBUG 85609 --- [nio-8084-exec-6] c.z.u.mapper.MessageMapper.selectCount   : ==>  Preparing: SELECT COUNT( * ) AS total FROM message WHERE (is_read = ?)
12:58:33.906-[CaiHua-Mac.local][sys]--DEBUG 85609 --- [nio-8084-exec-6] c.z.u.mapper.MessageMapper.selectCount   : ==> Parameters: false(Boolean)
12:58:33.908-[CaiHua-Mac.local][sys]--DEBUG 85609 --- [nio-8084-exec-6] c.z.u.mapper.MessageMapper.selectCount   : <==      Total: 1
13:01:14.028-[CaiHua-Mac.local][sys]--DEBUG 85609 --- [nio-8084-exec-4] c.zch.user.mapper.UserMapper.selectById  : ==>  Preparing: SELECT id,user_name,phone,salt,password,status,name,gender,avatar,email,address,ip_address,client,intro,role_id,points,vip_id,vip_expire_time,invite_count,invite_amount,tag_id,is_frozen,created_by,updated_by,is_delete,created_time,updated_time FROM user WHERE id=? AND is_delete=0
13:01:14.029-[CaiHua-Mac.local][sys]--DEBUG 85609 --- [nio-8084-exec-4] c.zch.user.mapper.UserMapper.selectById  : ==> Parameters: 1745747394694549302(String)
13:01:14.047-[CaiHua-Mac.local][sys]--DEBUG 85609 --- [nio-8084-exec-4] c.zch.user.mapper.UserMapper.selectById  : <==      Total: 1
13:01:20.800-[CaiHua-Mac.local][sys]--DEBUG 85609 --- [nio-8084-exec-2] c.zch.user.mapper.UserMapper.selectById  : ==>  Preparing: SELECT id,user_name,phone,salt,password,status,name,gender,avatar,email,address,ip_address,client,intro,role_id,points,vip_id,vip_expire_time,invite_count,invite_amount,tag_id,is_frozen,created_by,updated_by,is_delete,created_time,updated_time FROM user WHERE id=? AND is_delete=0
13:01:20.801-[CaiHua-Mac.local][sys]--DEBUG 85609 --- [nio-8084-exec-2] c.zch.user.mapper.UserMapper.selectById  : ==> Parameters: 1745747394694549302(String)
13:01:20.803-[CaiHua-Mac.local][sys]--DEBUG 85609 --- [nio-8084-exec-2] c.zch.user.mapper.UserMapper.selectById  : <==      Total: 1
13:01:20.864-[CaiHua-Mac.local][sys]--DEBUG 85609 --- [nio-8084-exec-6] c.zch.user.mapper.UserMapper.selectById  : ==>  Preparing: SELECT id,user_name,phone,salt,password,status,name,gender,avatar,email,address,ip_address,client,intro,role_id,points,vip_id,vip_expire_time,invite_count,invite_amount,tag_id,is_frozen,created_by,updated_by,is_delete,created_time,updated_time FROM user WHERE id=? AND is_delete=0
13:01:20.864-[CaiHua-Mac.local][sys]--DEBUG 85609 --- [nio-8084-exec-6] c.zch.user.mapper.UserMapper.selectById  : ==> Parameters: 1745747394693820416(String)
13:01:20.866-[CaiHua-Mac.local][sys]--DEBUG 85609 --- [nio-8084-exec-6] c.zch.user.mapper.UserMapper.selectById  : <==      Total: 1
13:01:20.873-[CaiHua-Mac.local][sys]--DEBUG 85609 --- [nio-8084-exec-5] c.zch.user.mapper.UserMapper.selectById  : ==>  Preparing: SELECT id,user_name,phone,salt,password,status,name,gender,avatar,email,address,ip_address,client,intro,role_id,points,vip_id,vip_expire_time,invite_count,invite_amount,tag_id,is_frozen,created_by,updated_by,is_delete,created_time,updated_time FROM user WHERE id=? AND is_delete=0
13:01:20.873-[CaiHua-Mac.local][sys]--DEBUG 85609 --- [nio-8084-exec-5] c.zch.user.mapper.UserMapper.selectById  : ==> Parameters: 1745747394693820416(String)
13:01:20.875-[CaiHua-Mac.local][sys]--DEBUG 85609 --- [nio-8084-exec-5] c.zch.user.mapper.UserMapper.selectById  : <==      Total: 1
13:01:20.886-[CaiHua-Mac.local][sys]--DEBUG 85609 --- [nio-8084-exec-8] c.zch.user.mapper.UserMapper.selectById  : ==>  Preparing: SELECT id,user_name,phone,salt,password,status,name,gender,avatar,email,address,ip_address,client,intro,role_id,points,vip_id,vip_expire_time,invite_count,invite_amount,tag_id,is_frozen,created_by,updated_by,is_delete,created_time,updated_time FROM user WHERE id=? AND is_delete=0
13:01:20.887-[CaiHua-Mac.local][sys]--DEBUG 85609 --- [nio-8084-exec-8] c.zch.user.mapper.UserMapper.selectById  : ==> Parameters: 1745747394693820416(Long)
13:01:20.889-[CaiHua-Mac.local][sys]--DEBUG 85609 --- [nio-8084-exec-8] c.zch.user.mapper.UserMapper.selectById  : <==      Total: 1
13:01:24.934-[CaiHua-Mac.local][sys]--DEBUG 85609 --- [nio-8084-exec-9] c.zch.user.mapper.UserMapper.selectById  : ==>  Preparing: SELECT id,user_name,phone,salt,password,status,name,gender,avatar,email,address,ip_address,client,intro,role_id,points,vip_id,vip_expire_time,invite_count,invite_amount,tag_id,is_frozen,created_by,updated_by,is_delete,created_time,updated_time FROM user WHERE id=? AND is_delete=0
13:01:24.934-[CaiHua-Mac.local][sys]--DEBUG 85609 --- [nio-8084-exec-9] c.zch.user.mapper.UserMapper.selectById  : ==> Parameters: 1745747394693820416(String)
13:01:24.937-[CaiHua-Mac.local][sys]--DEBUG 85609 --- [nio-8084-exec-9] c.zch.user.mapper.UserMapper.selectById  : <==      Total: 1
13:01:25.098-[CaiHua-Mac.local][sys]--DEBUG 85609 --- [nio-8084-exec-3] c.zch.user.mapper.UserMapper.selectById  : ==>  Preparing: SELECT id,user_name,phone,salt,password,status,name,gender,avatar,email,address,ip_address,client,intro,role_id,points,vip_id,vip_expire_time,invite_count,invite_amount,tag_id,is_frozen,created_by,updated_by,is_delete,created_time,updated_time FROM user WHERE id=? AND is_delete=0
13:01:25.098-[CaiHua-Mac.local][sys]--DEBUG 85609 --- [nio-8084-exec-3] c.zch.user.mapper.UserMapper.selectById  : ==> Parameters: 1745747394693820416(String)
13:01:25.099-[CaiHua-Mac.local][sys]--DEBUG 85609 --- [nio-8084-exec-3] c.zch.user.mapper.UserMapper.selectById  : <==      Total: 1
13:01:37.090-[CaiHua-Mac.local][sys]--DEBUG 85609 --- [nio-8084-exec-1] c.zch.user.mapper.UserMapper.selectById  : ==>  Preparing: SELECT id,user_name,phone,salt,password,status,name,gender,avatar,email,address,ip_address,client,intro,role_id,points,vip_id,vip_expire_time,invite_count,invite_amount,tag_id,is_frozen,created_by,updated_by,is_delete,created_time,updated_time FROM user WHERE id=? AND is_delete=0
13:01:37.090-[CaiHua-Mac.local][sys]--DEBUG 85609 --- [nio-8084-exec-1] c.zch.user.mapper.UserMapper.selectById  : ==> Parameters: 1745747394693820416(String)
13:01:37.092-[CaiHua-Mac.local][sys]--DEBUG 85609 --- [nio-8084-exec-1] c.zch.user.mapper.UserMapper.selectById  : <==      Total: 1
13:01:43.194-[CaiHua-Mac.local][sys]--DEBUG 85609 --- [io-8084-exec-10] c.zch.user.mapper.UserMapper.selectById  : ==>  Preparing: SELECT id,user_name,phone,salt,password,status,name,gender,avatar,email,address,ip_address,client,intro,role_id,points,vip_id,vip_expire_time,invite_count,invite_amount,tag_id,is_frozen,created_by,updated_by,is_delete,created_time,updated_time FROM user WHERE id=? AND is_delete=0
13:01:43.195-[CaiHua-Mac.local][sys]--DEBUG 85609 --- [io-8084-exec-10] c.zch.user.mapper.UserMapper.selectById  : ==> Parameters: 1745747394694549302(String)
13:01:43.196-[CaiHua-Mac.local][sys]--DEBUG 85609 --- [io-8084-exec-10] c.zch.user.mapper.UserMapper.selectById  : <==      Total: 1
13:01:43.259-[CaiHua-Mac.local][sys]--DEBUG 85609 --- [nio-8084-exec-4] c.zch.user.mapper.UserMapper.selectById  : ==>  Preparing: SELECT id,user_name,phone,salt,password,status,name,gender,avatar,email,address,ip_address,client,intro,role_id,points,vip_id,vip_expire_time,invite_count,invite_amount,tag_id,is_frozen,created_by,updated_by,is_delete,created_time,updated_time FROM user WHERE id=? AND is_delete=0
13:01:43.260-[CaiHua-Mac.local][sys]--DEBUG 85609 --- [nio-8084-exec-4] c.zch.user.mapper.UserMapper.selectById  : ==> Parameters: 1745747394693820416(String)
13:01:43.265-[CaiHua-Mac.local][sys]--DEBUG 85609 --- [nio-8084-exec-4] c.zch.user.mapper.UserMapper.selectById  : <==      Total: 1
13:01:43.273-[CaiHua-Mac.local][sys]--DEBUG 85609 --- [nio-8084-exec-2] c.zch.user.mapper.UserMapper.selectById  : ==>  Preparing: SELECT id,user_name,phone,salt,password,status,name,gender,avatar,email,address,ip_address,client,intro,role_id,points,vip_id,vip_expire_time,invite_count,invite_amount,tag_id,is_frozen,created_by,updated_by,is_delete,created_time,updated_time FROM user WHERE id=? AND is_delete=0
13:01:43.274-[CaiHua-Mac.local][sys]--DEBUG 85609 --- [nio-8084-exec-2] c.zch.user.mapper.UserMapper.selectById  : ==> Parameters: 1745747394693820416(String)
13:01:43.276-[CaiHua-Mac.local][sys]--DEBUG 85609 --- [nio-8084-exec-2] c.zch.user.mapper.UserMapper.selectById  : <==      Total: 1
13:01:43.293-[CaiHua-Mac.local][sys]--DEBUG 85609 --- [nio-8084-exec-5] c.zch.user.mapper.UserMapper.selectById  : ==>  Preparing: SELECT id,user_name,phone,salt,password,status,name,gender,avatar,email,address,ip_address,client,intro,role_id,points,vip_id,vip_expire_time,invite_count,invite_amount,tag_id,is_frozen,created_by,updated_by,is_delete,created_time,updated_time FROM user WHERE id=? AND is_delete=0
13:01:43.293-[CaiHua-Mac.local][sys]--DEBUG 85609 --- [nio-8084-exec-5] c.zch.user.mapper.UserMapper.selectById  : ==> Parameters: 1745747394693820416(Long)
13:01:43.296-[CaiHua-Mac.local][sys]--DEBUG 85609 --- [nio-8084-exec-5] c.zch.user.mapper.UserMapper.selectById  : <==      Total: 1
13:02:00.289-[CaiHua-Mac.local][sys]-- WARN 85609 --- [       Thread-1] c.a.n.common.http.HttpClientBeanHolder   : [HttpClientBeanHolder] Start destroying common HttpClient
13:02:00.291-[CaiHua-Mac.local][sys]-- WARN 85609 --- [       Thread-1] c.a.n.common.http.HttpClientBeanHolder   : [HttpClientBeanHolder] Destruction of the end
13:02:00.292-[CaiHua-Mac.local][sys]-- WARN 85609 --- [      Thread-12] c.a.nacos.common.notify.NotifyCenter     : [NotifyCenter] Start destroying Publisher
13:02:00.292-[CaiHua-Mac.local][sys]-- WARN 85609 --- [      Thread-12] c.a.nacos.common.notify.NotifyCenter     : [NotifyCenter] Destruction of the end
13:02:01.329-[CaiHua-Mac.local][sys]-- INFO 85609 --- [ionShutdownHook] c.a.c.n.registry.NacosServiceRegistry    : De-registering from Nacos Server now...
13:02:01.329-[CaiHua-Mac.local][sys]-- INFO 85609 --- [ionShutdownHook] com.alibaba.nacos.client.naming          : [BEAT] removing beat: DEFAULT_GROUP@@user-service:127.0.0.1:8084 from beat map.
13:02:01.329-[CaiHua-Mac.local][sys]-- INFO 85609 --- [ionShutdownHook] com.alibaba.nacos.client.naming          : [DEREGISTER-SERVICE] 0b9a59a8-3e92-4637-81ec-4f43304c767b deregistering service DEFAULT_GROUP@@user-service with instance: Instance{instanceId='null', ip='127.0.0.1', port=8084, weight=1.0, healthy=true, enabled=true, ephemeral=true, clusterName='DEFAULT', serviceName='null', metadata={}}
13:02:01.334-[CaiHua-Mac.local][sys]-- INFO 85609 --- [ionShutdownHook] c.a.c.n.registry.NacosServiceRegistry    : De-registration finished.
13:02:01.335-[CaiHua-Mac.local][sys]-- INFO 85609 --- [ionShutdownHook] com.alibaba.nacos.client.naming          : com.alibaba.nacos.client.naming.beat.BeatReactor do shutdown begin
13:02:01.701-[CaiHua-Mac.local][sys]-- INFO 85609 --- [ionShutdownHook] com.alibaba.nacos.client.naming          : com.alibaba.nacos.client.naming.beat.BeatReactor do shutdown stop
13:02:01.701-[CaiHua-Mac.local][sys]-- INFO 85609 --- [ionShutdownHook] com.alibaba.nacos.client.naming          : com.alibaba.nacos.client.naming.core.HostReactor do shutdown begin
13:02:04.712-[CaiHua-Mac.local][sys]-- INFO 85609 --- [ionShutdownHook] com.alibaba.nacos.client.naming          : com.alibaba.nacos.client.naming.core.PushReceiver do shutdown begin
13:02:07.725-[CaiHua-Mac.local][sys]-- INFO 85609 --- [ionShutdownHook] com.alibaba.nacos.client.naming          : com.alibaba.nacos.client.naming.core.PushReceiver do shutdown stop
13:02:07.725-[CaiHua-Mac.local][sys]-- INFO 85609 --- [ionShutdownHook] com.alibaba.nacos.client.naming          : com.alibaba.nacos.client.naming.backups.FailoverReactor do shutdown begin
13:02:07.726-[CaiHua-Mac.local][sys]-- INFO 85609 --- [ionShutdownHook] com.alibaba.nacos.client.naming          : com.alibaba.nacos.client.naming.backups.FailoverReactor do shutdown stop
13:02:07.726-[CaiHua-Mac.local][sys]-- INFO 85609 --- [ionShutdownHook] com.alibaba.nacos.client.naming          : com.alibaba.nacos.client.naming.core.HostReactor do shutdown stop
13:02:07.726-[CaiHua-Mac.local][sys]-- INFO 85609 --- [ionShutdownHook] com.alibaba.nacos.client.naming          : com.alibaba.nacos.client.naming.net.NamingProxy do shutdown begin
13:02:07.727-[CaiHua-Mac.local][sys]-- WARN 85609 --- [ionShutdownHook] com.alibaba.nacos.client.naming          : [NamingHttpClientManager] Start destroying NacosRestTemplate
13:02:07.727-[CaiHua-Mac.local][sys]-- WARN 85609 --- [ionShutdownHook] com.alibaba.nacos.client.naming          : [NamingHttpClientManager] Destruction of the end
13:02:07.727-[CaiHua-Mac.local][sys]-- INFO 85609 --- [ionShutdownHook] c.a.n.client.identify.CredentialWatcher  : [null] CredentialWatcher is stopped
13:02:07.727-[CaiHua-Mac.local][sys]-- INFO 85609 --- [ionShutdownHook] c.a.n.client.identify.CredentialService  : [null] CredentialService is freed
13:02:07.728-[CaiHua-Mac.local][sys]-- INFO 85609 --- [ionShutdownHook] com.alibaba.nacos.client.naming          : com.alibaba.nacos.client.naming.net.NamingProxy do shutdown stop
13:02:07.731-[CaiHua-Mac.local][sys]-- INFO 85609 --- [      Thread-18] com.xxl.job.core.server.EmbedServer      : >>>>>>>>>>> xxl-job remoting server stop.
13:02:07.773-[CaiHua-Mac.local][sys]-- INFO 85609 --- [rRegistryThread] c.x.j.c.thread.ExecutorRegistryThread    : >>>>>>>>>>> xxl-job registry-remove success, registryParam:RegistryParam{registryGroup='EXECUTOR', registryKey='user-service', registryValue='http://192.168.1.101:9090'}, registryResult:ReturnT [code=200, msg=null, content=null]
13:02:07.774-[CaiHua-Mac.local][sys]-- INFO 85609 --- [rRegistryThread] c.x.j.c.thread.ExecutorRegistryThread    : >>>>>>>>>>> xxl-job, executor registry thread destroy.
13:02:07.774-[CaiHua-Mac.local][sys]-- INFO 85609 --- [ionShutdownHook] com.xxl.job.core.server.EmbedServer      : >>>>>>>>>>> xxl-job remoting server destroy success.
13:02:07.774-[CaiHua-Mac.local][sys]-- INFO 85609 --- [FileCleanThread] c.x.j.core.thread.JobLogFileCleanThread  : >>>>>>>>>>> xxl-job, executor JobLogFileCleanThread thread destroy.
13:02:07.775-[CaiHua-Mac.local][sys]-- INFO 85609 --- [rCallbackThread] c.x.j.core.thread.TriggerCallbackThread  : >>>>>>>>>>> xxl-job, executor callback thread destroy.
13:02:07.775-[CaiHua-Mac.local][sys]-- INFO 85609 --- [      Thread-17] c.x.j.core.thread.TriggerCallbackThread  : >>>>>>>>>>> xxl-job, executor retry callback thread destroy.
13:02:07.785-[CaiHua-Mac.local][sys]-- INFO 85609 --- [ionShutdownHook] com.zaxxer.hikari.HikariDataSource       : HikariPool-1 - Shutdown initiated...
13:02:07.792-[CaiHua-Mac.local][sys]-- INFO 85609 --- [ionShutdownHook] com.zaxxer.hikari.HikariDataSource       : HikariPool-1 - Shutdown completed.
